Copyright 1986-2017 Xilinx, Inc. All Rights Reserved.
---------------------------------------------------------------------------------------------------------------------------------------------------
| Tool Version : Vivado v.2017.4 (lin64) Build 2086221 Fri Dec 15 20:54:30 MST 2017
| Date         : Fri Dec 14 09:27:04 2018
| Host         : ettus-great-gazoo running 64-bit unknown
| Command      : report_utilization -omit_locs -file /home/buildbot/fpga-worker/build_FPGA_N310_WX/work/src/usrp3/top/n3xx/build-N310_WX/build.rpt
| Design       : n3xx
| Device       : 7z100ffg900-2
| Design State : Routed
---------------------------------------------------------------------------------------------------------------------------------------------------

Utilization Design Information

Table of Contents
-----------------
1. Slice Logic
1.1 Summary of Registers by Type
2. Slice Logic Distribution
3. Memory
4. DSP
5. IO and GT Specific
6. Clocking
7. Specific Feature
8. Primitives
9. Black Boxes
10. Instantiated Netlists

1. Slice Logic
--------------

+----------------------------+--------+-----------+-------+
|          Site Type         |  Used  | Available | Util% |
+----------------------------+--------+-----------+-------+
| Slice LUTs                 | 147309 |    277400 | 53.10 |
|   LUT as Logic             | 127066 |    277400 | 45.81 |
|   LUT as Memory            |  20243 |    108200 | 18.71 |
|     LUT as Distributed RAM |   8505 |           |       |
|     LUT as Shift Register  |  11738 |           |       |
| Slice Registers            | 233965 |    554800 | 42.17 |
|   Register as Flip Flop    | 233951 |    554800 | 42.17 |
|   Register as Latch        |      0 |    554800 |  0.00 |
|   Register as AND/OR       |     14 |    554800 | <0.01 |
| F7 Muxes                   |   1972 |    138700 |  1.42 |
| F8 Muxes                   |    172 |     69350 |  0.25 |
+----------------------------+--------+-----------+-------+


1.1 Summary of Registers by Type
--------------------------------

+--------+--------------+-------------+--------------+
|  Total | Clock Enable | Synchronous | Asynchronous |
+--------+--------------+-------------+--------------+
| 14     |            _ |           - |            - |
| 0      |            _ |           - |          Set |
| 0      |            _ |           - |        Reset |
| 0      |            _ |         Set |            - |
| 0      |            _ |       Reset |            - |
| 0      |          Yes |           - |            - |
| 5171   |          Yes |           - |          Set |
| 38463  |          Yes |           - |        Reset |
| 3195   |          Yes |         Set |            - |
| 187180 |          Yes |       Reset |            - |
+--------+--------------+-------------+--------------+


2. Slice Logic Distribution
---------------------------

+-------------------------------------------+--------+-----------+-------+
|                 Site Type                 |  Used  | Available | Util% |
+-------------------------------------------+--------+-----------+-------+
| Slice                                     |  62388 |     69350 | 89.96 |
|   SLICEL                                  |  37921 |           |       |
|   SLICEM                                  |  24467 |           |       |
| LUT as Logic                              | 127066 |    277400 | 45.81 |
|   using O5 output only                    |     44 |           |       |
|   using O6 output only                    |  96825 |           |       |
|   using O5 and O6                         |  30197 |           |       |
| LUT as Memory                             |  20243 |    108200 | 18.71 |
|   LUT as Distributed RAM                  |   8505 |           |       |
|     using O5 output only                  |      0 |           |       |
|     using O6 output only                  |    201 |           |       |
|     using O5 and O6                       |   8304 |           |       |
|   LUT as Shift Register                   |  11738 |           |       |
|     using O5 output only                  |   7410 |           |       |
|     using O6 output only                  |   3327 |           |       |
|     using O5 and O6                       |   1001 |           |       |
| LUT Flip Flop Pairs                       |  78005 |    277400 | 28.12 |
|   fully used LUT-FF pairs                 |  22188 |           |       |
|   LUT-FF pairs with one unused LUT output |  53126 |           |       |
|   LUT-FF pairs with one unused Flip Flop  |  47379 |           |       |
| Unique Control Sets                       |   7518 |           |       |
+-------------------------------------------+--------+-----------+-------+
* Note: Review the Control Sets Report for more information regarding control sets.


3. Memory
---------

+-------------------+------+-----------+-------+
|     Site Type     | Used | Available | Util% |
+-------------------+------+-----------+-------+
| Block RAM Tile    |  392 |       755 | 51.92 |
|   RAMB36/FIFO*    |  349 |       755 | 46.23 |
|     RAMB36E1 only |  349 |           |       |
|   RAMB18          |   86 |      1510 |  5.70 |
|     RAMB18E1 only |   86 |           |       |
+-------------------+------+-----------+-------+
* Note: Each Block RAM Tile only has one FIFO logic available and therefore can accommodate only one FIFO36E1 or one FIFO18E1. However, if a FIFO18E1 occupies a Block RAM Tile, that tile can still accommodate a RAMB18E1


4. DSP
------

+----------------+------+-----------+-------+
|    Site Type   | Used | Available | Util% |
+----------------+------+-----------+-------+
| DSPs           |  299 |      2020 | 14.80 |
|   DSP48E1 only |  299 |           |       |
+----------------+------+-----------+-------+


5. IO and GT Specific
---------------------

+-----------------------------+------+-----------+--------+
|          Site Type          | Used | Available |  Util% |
+-----------------------------+------+-----------+--------+
| Bonded IOB                  |  255 |       362 |  70.44 |
|   IOB Master Pads           |  129 |           |        |
|   IOB Slave Pads            |  126 |           |        |
|   IOB Flip Flops            |   58 |           |        |
| Bonded IPADs                |   28 |        50 |  56.00 |
| Bonded OPADs                |   20 |        32 |  62.50 |
| Bonded IOPADs               |  130 |       130 | 100.00 |
| PHY_CONTROL                 |    2 |         8 |  25.00 |
| PHASER_REF                  |    2 |         8 |  25.00 |
| OUT_FIFO                    |    8 |        32 |  25.00 |
| IN_FIFO                     |    4 |        32 |  12.50 |
| IDELAYCTRL                  |    1 |         8 |  12.50 |
| IBUFDS                      |    8 |       348 |   2.30 |
| GTXE2_COMMON                |    3 |         4 |  75.00 |
| GTXE2_CHANNEL               |   10 |        16 |  62.50 |
| PHASER_OUT/PHASER_OUT_PHY   |    8 |        32 |  25.00 |
|   PHASER_OUT_PHY only       |    8 |           |        |
| PHASER_IN/PHASER_IN_PHY     |    4 |        32 |  12.50 |
|   PHASER_IN_PHY only        |    4 |           |        |
| IDELAYE2/IDELAYE2_FINEDELAY |   32 |       400 |   8.00 |
|   IDELAYE2 only             |   32 |           |        |
| ODELAYE2/ODELAYE2_FINEDELAY |    0 |       150 |   0.00 |
| IBUFDS_GTE2                 |    4 |         8 |  50.00 |
| ILOGIC                      |   44 |       362 |  12.15 |
|   IFF_IDDR_Register         |   12 |           |        |
|   ISERDES                   |   32 |       362 |        |
| OLOGIC                      |  136 |       362 |  37.57 |
|   OUTFF_Register            |   58 |           |        |
|   OUTFF_ODDR_Register       |   13 |           |        |
|   TFF_ODDR_Register         |    4 |           |        |
|   OSERDES                   |   65 |       362 |        |
+-----------------------------+------+-----------+--------+


6. Clocking
-----------

+------------+------+-----------+-------+
|  Site Type | Used | Available | Util% |
+------------+------+-----------+-------+
| BUFGCTRL   |   21 |        32 | 65.63 |
| BUFIO      |    0 |        32 |  0.00 |
| MMCME2_ADV |    6 |         8 | 75.00 |
| PLLE2_ADV  |    1 |         8 | 12.50 |
| BUFMRCE    |    0 |        16 |  0.00 |
| BUFHCE     |    6 |       168 |  3.57 |
| BUFR       |    1 |        32 |  3.13 |
+------------+------+-----------+-------+


7. Specific Feature
-------------------

+-------------+------+-----------+--------+
|  Site Type  | Used | Available |  Util% |
+-------------+------+-----------+--------+
| BSCANE2     |    0 |         4 |   0.00 |
| CAPTUREE2   |    0 |         1 |   0.00 |
| DNA_PORT    |    0 |         1 |   0.00 |
| EFUSE_USR   |    0 |         1 |   0.00 |
| FRAME_ECCE2 |    0 |         1 |   0.00 |
| ICAPE2      |    0 |         2 |   0.00 |
| PCIE_2_1    |    0 |         1 |   0.00 |
| STARTUPE2   |    0 |         1 |   0.00 |
| XADC        |    1 |         1 | 100.00 |
+-------------+------+-----------+--------+


8. Primitives
-------------

+------------------------+--------+----------------------+
|        Ref Name        |  Used  |  Functional Category |
+------------------------+--------+----------------------+
| FDRE                   | 187180 |         Flop & Latch |
| LUT3                   |  45829 |                  LUT |
| FDCE                   |  38463 |         Flop & Latch |
| LUT6                   |  36867 |                  LUT |
| LUT2                   |  27613 |                  LUT |
| LUT5                   |  21595 |                  LUT |
| LUT4                   |  21348 |                  LUT |
| RAMD32                 |  13252 |   Distributed Memory |
| SRL16E                 |   9566 |   Distributed Memory |
| CARRY4                 |   9296 |           CarryLogic |
| FDPE                   |   5171 |         Flop & Latch |
| LUT1                   |   4011 |                  LUT |
| RAMS32                 |   3429 |   Distributed Memory |
| FDSE                   |   3195 |         Flop & Latch |
| SRLC32E                |   3173 |   Distributed Memory |
| MUXF7                  |   1972 |                MuxFx |
| RAMB36E1               |    349 |         Block Memory |
| DSP48E1                |    299 |     Block Arithmetic |
| MUXF8                  |    172 |                MuxFx |
| OBUF                   |    168 |                   IO |
| BIBUF                  |    130 |                   IO |
| RAMD64E                |    128 |   Distributed Memory |
| RAMB18E1               |     86 |         Block Memory |
| IBUF                   |     67 |                   IO |
| OSERDESE2              |     65 |                   IO |
| OBUFT_DCIEN            |     32 |                   IO |
| ISERDESE2              |     32 |                   IO |
| IDELAYE2               |     32 |                   IO |
| IBUF_IBUFDISABLE       |     32 |                   IO |
| OBUFT                  |     30 |                   IO |
| ODDR                   |     17 |                   IO |
| BUFG                   |     17 |                Clock |
| IDDR                   |     12 |                   IO |
| AND2B1L                |     12 |               Others |
| GTXE2_CHANNEL          |     10 |                   IO |
| PHASER_OUT_PHY         |      8 |                   IO |
| OUT_FIFO               |      8 |                   IO |
| OBUFTDS_DCIEN          |      8 |                   IO |
| IBUFDS_IBUFDISABLE_INT |      8 |                   IO |
| IBUFDS                 |      8 |                   IO |
| MMCME2_ADV             |      6 |                Clock |
| INV                    |      5 |                  LUT |
| PHASER_IN_PHY          |      4 |                   IO |
| IN_FIFO                |      4 |                   IO |
| IBUFDS_GTE2            |      4 |                   IO |
| BUFH                   |      4 |                Clock |
| BUFGCTRL               |      4 |                Clock |
| GTXE2_COMMON           |      3 |                   IO |
| PHY_CONTROL            |      2 |                   IO |
| PHASER_REF             |      2 |                   IO |
| OR2L                   |      2 |               Others |
| OBUFDS                 |      2 |                   IO |
| BUFHCE                 |      2 |                Clock |
| XADC                   |      1 |               Others |
| USR_ACCESSE2           |      1 |               Others |
| PS7                    |      1 | Specialized Resource |
| PLLE2_ADV              |      1 |                Clock |
| IDELAYCTRL             |      1 |                   IO |
| BUFR                   |      1 |                Clock |
+------------------------+--------+----------------------+


9. Black Boxes
--------------

+----------+------+
| Ref Name | Used |
+----------+------+


10. Instantiated Netlists
-------------------------

+------------------------+------+
|        Ref Name        | Used |
+------------------------+------+
| fifo_short_2clk        |  140 |
| fifo_4k_2clk           |   24 |
| dds_sin_cos_lut_only   |    8 |
| complex_multiplier_dds |    8 |
| axi_hb47               |    8 |
| TdcCore                |    8 |
| hbdec3                 |    4 |
| hbdec2                 |    4 |
| hbdec1                 |    4 |
| SyncRegsIfc            |    4 |
| axi64_4k_2clk_fifo     |    2 |
| Jesd204bXcvrCore       |    2 |
| ten_gig_eth_pcs_pma    |    1 |
| misc_clock_gen         |    1 |
| ddr3_32bit             |    1 |
| axi_eth_dma            |    1 |
+------------------------+------+


Copyright 1986-2017 Xilinx, Inc. All Rights Reserved.
----------------------------------------------------------------------------------------------------------------------------------------------------------------------
| Tool Version : Vivado v.2017.4 (lin64) Build 2086221 Fri Dec 15 20:54:30 MST 2017
| Date         : Fri Dec 14 09:27:26 2018
| Host         : ettus-great-gazoo running 64-bit unknown
| Command      : report_timing_summary -no_detailed_paths -file /home/buildbot/fpga-worker/build_FPGA_N310_WX/work/src/usrp3/top/n3xx/build-N310_WX/build.rpt -append
| Design       : n3xx
| Device       : 7z100-ffg900
| Speed File   : -2  PRODUCTION 1.11 2014-09-11
----------------------------------------------------------------------------------------------------------------------------------------------------------------------

Timing Summary Report

------------------------------------------------------------------------------------------------
| Timer Settings
| --------------
------------------------------------------------------------------------------------------------

  Enable Multi Corner Analysis               :  Yes
  Enable Pessimism Removal                   :  Yes
  Pessimism Removal Resolution               :  Nearest Common Node
  Enable Input Delay Default Clock           :  No
  Enable Preset / Clear Arcs                 :  No
  Disable Flight Delays                      :  No
  Ignore I/O Paths                           :  No
  Timing Early Launch at Borrowing Latches   :  false

  Corner  Analyze    Analyze    
  Name    Max Paths  Min Paths  
  ------  ---------  ---------  
  Slow    Yes        Yes        
  Fast    Yes        Yes        



check_timing report

Table of Contents
-----------------
1. checking no_clock
2. checking constant_clock
3. checking pulse_width_clock
4. checking unconstrained_internal_endpoints
5. checking no_input_delay
6. checking no_output_delay
7. checking multiple_clock
8. checking generated_clocks
9. checking loops
10. checking partial_input_delay
11. checking partial_output_delay
12. checking latch_loops

1. checking no_clock
--------------------
 There are 0 register/latch pins with no clock.


2. checking constant_clock
--------------------------
 There are 0 register/latch pins with constant_clock.


3. checking pulse_width_clock
-----------------------------
 There are 0 register/latch pins which need pulse_width check


4. checking unconstrained_internal_endpoints
--------------------------------------------
 There are 0 pins that are not constrained for maximum delay.

 There are 2 pins that are not constrained for maximum delay due to constant clock. (MEDIUM)


5. checking no_input_delay
--------------------------
 There are 7 input ports with no input delay specified. (HIGH)

 There are 0 input ports with no input delay but user has a false path constraint.


6. checking no_output_delay
---------------------------
 There are 7 ports with no output delay specified. (HIGH)

 There are 0 ports with no output delay but user has a false path constraint

 There are 2 ports with no output delay but with a timing clock defined on it or propagating through it (LOW)


7. checking multiple_clock
--------------------------
 There are 0 register/latch pins with multiple clocks.


8. checking generated_clocks
----------------------------
 There are 0 generated clocks that are not connected to a clock source.


9. checking loops
-----------------
 There are 0 combinational loops in the design.


10. checking partial_input_delay
--------------------------------
 There are 0 input ports with partial input delay specified.


11. checking partial_output_delay
---------------------------------
 There are 0 ports with partial output delay specified.


12. checking latch_loops
------------------------
 There are 0 combinational latch loops in the design through latch input



------------------------------------------------------------------------------------------------
| Design Timing Summary
| ---------------------
------------------------------------------------------------------------------------------------

    WNS(ns)      TNS(ns)  TNS Failing Endpoints  TNS Total Endpoints      WHS(ns)      THS(ns)  THS Failing Endpoints  THS Total Endpoints     WPWS(ns)     TPWS(ns)  TPWS Failing Endpoints  TPWS Total Endpoints  
    -------      -------  ---------------------  -------------------      -------      -------  ---------------------  -------------------     --------     --------  ----------------------  --------------------  
      0.090        0.000                      0               683226        0.051        0.000                      0               682821        0.001        0.000                       0                265239  


All user specified timing constraints are met.


------------------------------------------------------------------------------------------------
| Clock Summary
| -------------
------------------------------------------------------------------------------------------------

Clock                                                                                                                                                            Waveform(ns)         Period(ns)      Frequency(MHz)
-----                                                                                                                                                            ------------         ----------      --------------
async_in_clk                                                                                                                                                     {0.000 25.000}       50.000          20.000          
async_out_clk                                                                                                                                                    {0.000 25.000}       50.000          20.000          
bus_clk                                                                                                                                                          {0.000 2.500}        5.000           200.000         
clk100                                                                                                                                                           {0.000 5.000}        10.000          100.000         
clk40                                                                                                                                                            {0.000 12.500}       25.000          40.000          
ddr3_ext_refclk                                                                                                                                                  {0.000 5.000}        10.000          100.000         
  freq_refclk_1                                                                                                                                                  {1.442 2.212}        1.538           650.000         
    u_memc_ui_top_axi/mem_intfc0/ddr_phy_top0/u_ddr_mc_phy_wrapper/u_ddr_mc_phy/ddr_phy_4lanes_0.u_ddr_phy_4lanes/ddr_byte_lane_A.ddr_byte_lane_A/iserdes_clk_1  {1.442 2.212}        1.538           650.000         
      iserdes_clkdiv_4                                                                                                                                           {1.442 2.981}        3.077           325.000         
    u_memc_ui_top_axi/mem_intfc0/ddr_phy_top0/u_ddr_mc_phy_wrapper/u_ddr_mc_phy/ddr_phy_4lanes_0.u_ddr_phy_4lanes/ddr_byte_lane_B.ddr_byte_lane_B/iserdes_clk_1  {1.442 2.212}        1.538           650.000         
      iserdes_clkdiv_5                                                                                                                                           {1.442 2.981}        3.077           325.000         
    u_memc_ui_top_axi/mem_intfc0/ddr_phy_top0/u_ddr_mc_phy_wrapper/u_ddr_mc_phy/ddr_phy_4lanes_0.u_ddr_phy_4lanes/ddr_byte_lane_C.ddr_byte_lane_C/iserdes_clk_1  {1.442 2.212}        1.538           650.000         
      iserdes_clkdiv_6                                                                                                                                           {1.442 2.981}        3.077           325.000         
    u_memc_ui_top_axi/mem_intfc0/ddr_phy_top0/u_ddr_mc_phy_wrapper/u_ddr_mc_phy/ddr_phy_4lanes_0.u_ddr_phy_4lanes/ddr_byte_lane_D.ddr_byte_lane_D/iserdes_clk_1  {1.442 2.212}        1.538           650.000         
      iserdes_clkdiv_7                                                                                                                                           {1.442 2.981}        3.077           325.000         
  mem_refclk_1                                                                                                                                                   {0.000 0.769}        1.538           650.000         
    oserdes_clk_10                                                                                                                                               {0.000 0.769}        1.538           650.000         
      oserdes_clkdiv_10                                                                                                                                          {0.000 1.538}        3.077           325.000         
    oserdes_clk_11                                                                                                                                               {0.000 0.769}        1.538           650.000         
      oserdes_clkdiv_11                                                                                                                                          {0.000 1.538}        3.077           325.000         
    oserdes_clk_12                                                                                                                                               {0.000 0.769}        1.538           650.000         
      oserdes_clkdiv_12                                                                                                                                          {0.000 3.077}        6.154           162.500         
    oserdes_clk_13                                                                                                                                               {0.000 0.769}        1.538           650.000         
      oserdes_clkdiv_13                                                                                                                                          {0.000 3.077}        6.154           162.500         
    oserdes_clk_14                                                                                                                                               {0.000 0.769}        1.538           650.000         
      oserdes_clkdiv_14                                                                                                                                          {0.000 3.077}        6.154           162.500         
    oserdes_clk_15                                                                                                                                               {0.000 0.769}        1.538           650.000         
      oserdes_clkdiv_15                                                                                                                                          {0.000 3.077}        6.154           162.500         
    oserdes_clk_8                                                                                                                                                {0.000 0.769}        1.538           650.000         
      oserdes_clkdiv_8                                                                                                                                           {0.000 1.538}        3.077           325.000         
    oserdes_clk_9                                                                                                                                                {0.000 0.769}        1.538           650.000         
      oserdes_clkdiv_9                                                                                                                                           {0.000 1.538}        3.077           325.000         
  pll_clk3_out_1                                                                                                                                                 {0.000 3.077}        6.154           162.500         
    ddr3_ui_clk                                                                                                                                                  {0.000 3.077}        6.154           162.500         
    ddr3_ui_clk_2x                                                                                                                                               {0.000 6.154}        12.308          81.250          
  pll_clkfbout_1                                                                                                                                                 {0.000 5.000}        10.000          100.000         
  sync_pulse_1                                                                                                                                                   {0.673 2.212}        24.615          40.625          
fpga_clk_a                                                                                                                                                       {0.000 3.255}        6.510           153.610         
  radio_clk                                                                                                                                                      {0.000 3.255}        6.510           153.610         
    atr_bus_clk                                                                                                                                                  {0.000 6.510}        13.020          76.805          
    dsa_bus_clk                                                                                                                                                  {0.000 6.510}        13.020          76.805          
    fp_gpio_bus_clk                                                                                                                                              {0.000 6.510}        13.020          76.805          
    pl_spi_clk_a                                                                                                                                                 {0.000 162.750}      325.500         3.072           
    pl_spi_clk_b                                                                                                                                                 {0.000 162.750}      325.500         3.072           
  radio_clk_fb                                                                                                                                                   {0.000 3.255}        6.510           153.610         
fpga_clk_a_v                                                                                                                                                     {0.000 3.255}        6.510           153.610         
fpga_clk_b                                                                                                                                                       {0.000 3.255}        6.510           153.610         
  radio_clk_b                                                                                                                                                    {0.000 3.255}        6.510           153.610         
  radio_clk_b_fb                                                                                                                                                 {0.000 3.255}        6.510           153.610         
fpga_clk_b_v                                                                                                                                                     {0.000 3.255}        6.510           153.610         
ge_phy_clk                                                                                                                                                       {0.000 4.000}        8.000           125.000         
meas_clk_ref                                                                                                                                                     {0.000 3.000}        6.000           166.667         
  ddr3_dma_clk_misc_clock_gen                                                                                                                                    {0.000 1.646}        3.291           303.819         
  meas_clk                                                                                                                                                       {0.000 2.520}        5.040           198.413         
  meas_clk_fb                                                                                                                                                    {0.000 9.000}        18.000          55.556          
mgt_clk_dba                                                                                                                                                      {0.000 3.255}        6.510           153.610         
mgt_clk_dbb                                                                                                                                                      {0.000 3.255}        6.510           153.610         
net_clk                                                                                                                                                          {0.000 4.000}        8.000           125.000         
  CLKFBIN                                                                                                                                                        {0.000 4.000}        8.000           125.000         
  wr_sysclk                                                                                                                                                      {0.000 8.000}        16.000          62.500          
    wr_bus_clk                                                                                                                                                   {0.000 16.000}       32.000          31.250          
ref_clk                                                                                                                                                          {0.000 20.000}       40.000          25.000          
sfp_wrapper_1/mgt_io_i/ten_gige_phy_i/ten_gig_eth_pcs_pma_i/inst/gt0_gtwizard_10gbaser_multi_gt_i/gt0_gtwizard_10gbaser_i/gtxe2_i/RXOUTCLK                       {0.000 1.551}        3.103           322.269         
sfp_wrapper_1/mgt_io_i/ten_gige_phy_i/ten_gig_eth_pcs_pma_i/inst/gt0_gtwizard_10gbaser_multi_gt_i/gt0_gtwizard_10gbaser_i/gtxe2_i/TXOUTCLK                       {0.000 1.551}        3.103           322.269         
wr_refclk                                                                                                                                                        {0.000 25.000}       50.000          20.000          
  clk_dmtd_fb                                                                                                                                                    {0.000 25.000}       50.000          20.000          
  wr_dmtdclk                                                                                                                                                     {0.000 8.000}        16.000          62.500          
wr_rxoutclk                                                                                                                                                      {0.000 8.000}        16.000          62.500          
wr_txoutclk                                                                                                                                                      {0.000 8.000}        16.000          62.500          
xge_clk                                                                                                                                                          {0.000 3.200}        6.400           156.250         
  dclk_buf                                                                                                                                                       {0.000 6.400}        12.800          78.125          


------------------------------------------------------------------------------------------------
| Intra Clock Table
| -----------------
------------------------------------------------------------------------------------------------

Clock                                                                                                                                                                WNS(ns)      TNS(ns)  TNS Failing Endpoints  TNS Total Endpoints      WHS(ns)      THS(ns)  THS Failing Endpoints  THS Total Endpoints     WPWS(ns)     TPWS(ns)  TPWS Failing Endpoints  TPWS Total Endpoints  
-----                                                                                                                                                                -------      -------  ---------------------  -------------------      -------      -------  ---------------------  -------------------     --------     --------  ----------------------  --------------------  
bus_clk                                                                                                                                                                0.090        0.000                      0               413478        0.051        0.000                      0               413478        0.264        0.000                       0                161839  
clk40                                                                                                                                                                  3.670        0.000                      0                66200        0.053        0.000                      0                65840       11.500        0.000                       0                 28827  
ddr3_ext_refclk                                                                                                                                                                                                                                                                                                    3.000        0.000                       0                     1  
  freq_refclk_1                                                                                                                                                                                                                                                                                                    0.287        0.000                       0                    15  
    u_memc_ui_top_axi/mem_intfc0/ddr_phy_top0/u_ddr_mc_phy_wrapper/u_ddr_mc_phy/ddr_phy_4lanes_0.u_ddr_phy_4lanes/ddr_byte_lane_A.ddr_byte_lane_A/iserdes_clk_1                                                                                                                                                    0.468        0.000                       0                    16  
      iserdes_clkdiv_4                                                                                                                                                 1.555        0.000                      0                   33        0.070        0.000                      0                   33        0.624        0.000                       0                     9  
    u_memc_ui_top_axi/mem_intfc0/ddr_phy_top0/u_ddr_mc_phy_wrapper/u_ddr_mc_phy/ddr_phy_4lanes_0.u_ddr_phy_4lanes/ddr_byte_lane_B.ddr_byte_lane_B/iserdes_clk_1                                                                                                                                                    0.468        0.000                       0                    16  
      iserdes_clkdiv_5                                                                                                                                                 1.357        0.000                      0                   33        0.070        0.000                      0                   33        0.624        0.000                       0                     9  
    u_memc_ui_top_axi/mem_intfc0/ddr_phy_top0/u_ddr_mc_phy_wrapper/u_ddr_mc_phy/ddr_phy_4lanes_0.u_ddr_phy_4lanes/ddr_byte_lane_C.ddr_byte_lane_C/iserdes_clk_1                                                                                                                                                    0.468        0.000                       0                    16  
      iserdes_clkdiv_6                                                                                                                                                 1.544        0.000                      0                   33        0.070        0.000                      0                   33        0.624        0.000                       0                     9  
    u_memc_ui_top_axi/mem_intfc0/ddr_phy_top0/u_ddr_mc_phy_wrapper/u_ddr_mc_phy/ddr_phy_4lanes_0.u_ddr_phy_4lanes/ddr_byte_lane_D.ddr_byte_lane_D/iserdes_clk_1                                                                                                                                                    0.468        0.000                       0                    16  
      iserdes_clkdiv_7                                                                                                                                                 1.561        0.000                      0                   33        0.070        0.000                      0                   33        0.624        0.000                       0                     9  
  mem_refclk_1                                                                                                                                                         0.461        0.000                      0                    2        0.324        0.000                      0                    2        0.234        0.000                       0                    15  
    oserdes_clk_10                                                                                                                                                     0.474        0.000                      0                    4        0.371        0.000                      0                    4        0.468        0.000                       0                    12  
      oserdes_clkdiv_10                                                                                                                                                2.083        0.000                      0                   36        0.066        0.000                      0                   36        0.624        0.000                       0                    11  
    oserdes_clk_11                                                                                                                                                     0.486        0.000                      0                    4        0.364        0.000                      0                    4        0.468        0.000                       0                    12  
      oserdes_clkdiv_11                                                                                                                                                1.895        0.000                      0                   36        0.062        0.000                      0                   36        0.624        0.000                       0                    11  
    oserdes_clk_12                                                                                                                                                                                                                                                                                                 0.468        0.000                       0                     1  
      oserdes_clkdiv_12                                                                                                                                                5.169        0.000                      0                    4        0.072        0.000                      0                    4        2.163        0.000                       0                     2  
    oserdes_clk_13                                                                                                                                                                                                                                                                                                 0.468        0.000                       0                     8  
      oserdes_clkdiv_13                                                                                                                                                5.159        0.000                      0                   28        0.072        0.000                      0                   28        2.163        0.000                       0                     8  
    oserdes_clk_14                                                                                                                                                                                                                                                                                                 0.468        0.000                       0                     7  
      oserdes_clkdiv_14                                                                                                                                                5.160        0.000                      0                   28        0.070        0.000                      0                   28        2.163        0.000                       0                     8  
    oserdes_clk_15                                                                                                                                                                                                                                                                                                 0.468        0.000                       0                    10  
      oserdes_clkdiv_15                                                                                                                                                4.972        0.000                      0                   40        0.062        0.000                      0                   40        2.163        0.000                       0                    11  
    oserdes_clk_8                                                                                                                                                      0.479        0.000                      0                    4        0.369        0.000                      0                    4        0.468        0.000                       0                    12  
      oserdes_clkdiv_8                                                                                                                                                 2.092        0.000                      0                   36        0.064        0.000                      0                   36        0.624        0.000                       0                    11  
    oserdes_clk_9                                                                                                                                                      0.466        0.000                      0                    4        0.375        0.000                      0                    4        0.468        0.000                       0                    12  
      oserdes_clkdiv_9                                                                                                                                                 2.082        0.000                      0                   36        0.068        0.000                      0                   36        0.624        0.000                       0                    11  
  pll_clk3_out_1                                                                                                                                                                                                                                                                                                   1.577        0.000                       0                     3  
    ddr3_ui_clk                                                                                                                                                        0.732        0.000                      0                51026        0.051        0.000                      0                51026        1.827        0.000                       0                 21273  
    ddr3_ui_clk_2x                                                                                                                                                     3.660        0.000                      0                   16        0.139        0.000                      0                   16        5.754        0.000                       0                    20  
  pll_clkfbout_1                                                                                                                                                                                                                                                                                                   8.929        0.000                       0                     2  
  sync_pulse_1                                                                                                                                                                                                                                                                                                     0.466        0.000                       0                    15  
fpga_clk_a                                                                                                                                                                                                                                                                                                         1.755        0.000                       0                     1  
  radio_clk                                                                                                                                                            0.326        0.000                      0                53033        0.053        0.000                      0                53033        2.487        0.000                       0                 23139  
  radio_clk_fb                                                                                                                                                                                                                                                                                                     5.102        0.000                       0                     3  
fpga_clk_b                                                                                                                                                                                                                                                                                                         1.755        0.000                       0                     1  
  radio_clk_b                                                                                                                                                          1.897        0.000                      0                  403        0.108        0.000                      0                  403        2.855        0.000                       0                   290  
  radio_clk_b_fb                                                                                                                                                                                                                                                                                                   5.102        0.000                       0                     3  
meas_clk_ref                                                                                                                                                                                                                                                                                                       1.500        0.000                       0                     2  
  ddr3_dma_clk_misc_clock_gen                                                                                                                                          0.206        0.000                      0                34577        0.051        0.000                      0                34577        0.878        0.000                       0                 13457  
  meas_clk                                                                                                                                                             0.547        0.000                      0                 6828        0.057        0.000                      0                 6828        2.120        0.000                       0                  3615  
  meas_clk_fb                                                                                                                                                                                                                                                                                                     16.929        0.000                       0                     2  
mgt_clk_dba                                                                                                                                                            6.073        0.000                      0                    1        0.153        0.000                      0                    1        2.855        0.000                       0                     9  
mgt_clk_dbb                                                                                                                                                            6.077        0.000                      0                    1        0.149        0.000                      0                    1        2.855        0.000                       0                     9  
net_clk                                                                                                                                                                5.703        0.000                      0                   27        0.263        0.000                      0                   27        2.000        0.000                       0                    21  
  CLKFBIN                                                                                                                                                                                                                                                                                                          6.929        0.000                       0                     2  
  wr_sysclk                                                                                                                                                            4.978        0.000                      0                11862        0.062        0.000                      0                11862        7.358        0.000                       0                  4620  
ref_clk                                                                                                                                                                0.352        0.000                      0                 1090        0.065        0.000                      0                 1090       19.600        0.000                       0                   797  
sfp_wrapper_1/mgt_io_i/ten_gige_phy_i/ten_gig_eth_pcs_pma_i/inst/gt0_gtwizard_10gbaser_multi_gt_i/gt0_gtwizard_10gbaser_i/gtxe2_i/RXOUTCLK                             0.369        0.000                      0                 3799        0.058        0.000                      0                 3799        0.001        0.000                       0                  1465  
sfp_wrapper_1/mgt_io_i/ten_gige_phy_i/ten_gig_eth_pcs_pma_i/inst/gt0_gtwizard_10gbaser_multi_gt_i/gt0_gtwizard_10gbaser_i/gtxe2_i/TXOUTCLK                             0.975        0.000                      0                  342        0.108        0.000                      0                  342        0.001        0.000                       0                   204  
wr_refclk                                                                                                                                                                                                                                                                                                         15.000        0.000                       0                     2  
  clk_dmtd_fb                                                                                                                                                                                                                                                                                                     48.929        0.000                       0                     2  
  wr_dmtdclk                                                                                                                                                          13.035        0.000                      0                  412        0.108        0.000                      0                  412        7.600        0.000                       0                   193  
wr_rxoutclk                                                                                                                                                            9.459        0.000                      0                  910        0.056        0.000                      0                  910        7.600        0.000                       0                   453  
wr_txoutclk                                                                                                                                                            5.384        0.000                      0                 1919        0.068        0.000                      0                 1919        7.358        0.000                       0                  1185  
xge_clk                                                                                                                                                                1.122        0.000                      0                 6530        0.056        0.000                      0                 6529        2.432        0.000                       0                  3384  
  dclk_buf                                                                                                                                                             9.960        0.000                      0                  185        0.108        0.000                      0                  185        6.000        0.000                       0                   123  


------------------------------------------------------------------------------------------------
| Inter Clock Table
| -----------------
------------------------------------------------------------------------------------------------

From Clock                                                                                                                                                   To Clock                                                                                                                                                         WNS(ns)      TNS(ns)  TNS Failing Endpoints  TNS Total Endpoints      WHS(ns)      THS(ns)  THS Failing Endpoints  THS Total Endpoints  
----------                                                                                                                                                   --------                                                                                                                                                         -------      -------  ---------------------  -------------------      -------      -------  ---------------------  -------------------  
                                                                                                                                                             async_out_clk                                                                                                                                                     40.778        0.000                      0                    4        2.872        0.000                      0                    4  
bus_clk                                                                                                                                                      async_out_clk                                                                                                                                                     35.844        0.000                      0                    3        3.439        0.000                      0                    3  
clk40                                                                                                                                                        async_out_clk                                                                                                                                                     38.756        0.000                      0                    2        5.218        0.000                      0                    2  
radio_clk                                                                                                                                                    async_out_clk                                                                                                                                                     43.225        0.000                      0                    8        1.007        0.000                      0                    8  
atr_bus_clk                                                                                                                                                  async_out_clk                                                                                                                                                     47.944        0.000                      0                    1        1.406        0.000                      0                    1  
dsa_bus_clk                                                                                                                                                  async_out_clk                                                                                                                                                     47.914        0.000                      0                    1        1.436        0.000                      0                    1  
fp_gpio_bus_clk                                                                                                                                              async_out_clk                                                                                                                                                     44.633        0.000                      0                    1        4.227        0.000                      0                    1  
radio_clk_b                                                                                                                                                  async_out_clk                                                                                                                                                     47.960        0.000                      0                    2        0.335        0.000                      0                    2  
wr_sysclk                                                                                                                                                    async_out_clk                                                                                                                                                     27.783        0.000                      0                    4        7.696        0.000                      0                    4  
wr_bus_clk                                                                                                                                                   async_out_clk                                                                                                                                                     33.974        0.000                      0                    1        7.696        0.000                      0                    1  
ref_clk                                                                                                                                                      async_out_clk                                                                                                                                                     41.943        0.000                      0                    2        3.702        0.000                      0                    2  
sfp_wrapper_1/mgt_io_i/ten_gige_phy_i/ten_gig_eth_pcs_pma_i/inst/gt0_gtwizard_10gbaser_multi_gt_i/gt0_gtwizard_10gbaser_i/gtxe2_i/TXOUTCLK                   async_out_clk                                                                                                                                                     35.048        0.000                      0                    1        8.349        0.000                      0                    1  
wr_txoutclk                                                                                                                                                  async_out_clk                                                                                                                                                     43.452        0.000                      0                    2        2.960        0.000                      0                    2  
ddr3_ui_clk                                                                                                                                                  u_memc_ui_top_axi/mem_intfc0/ddr_phy_top0/u_ddr_mc_phy_wrapper/u_ddr_mc_phy/ddr_phy_4lanes_0.u_ddr_phy_4lanes/ddr_byte_lane_A.ddr_byte_lane_A/iserdes_clk_1        4.536        0.000                      0                    8       23.441        0.000                      0                    8  
ddr3_ui_clk                                                                                                                                                  u_memc_ui_top_axi/mem_intfc0/ddr_phy_top0/u_ddr_mc_phy_wrapper/u_ddr_mc_phy/ddr_phy_4lanes_0.u_ddr_phy_4lanes/ddr_byte_lane_B.ddr_byte_lane_B/iserdes_clk_1        4.869        0.000                      0                    8       23.301        0.000                      0                    8  
ddr3_ui_clk                                                                                                                                                  u_memc_ui_top_axi/mem_intfc0/ddr_phy_top0/u_ddr_mc_phy_wrapper/u_ddr_mc_phy/ddr_phy_4lanes_0.u_ddr_phy_4lanes/ddr_byte_lane_C.ddr_byte_lane_C/iserdes_clk_1        3.886        0.000                      0                    8       23.773        0.000                      0                    8  
ddr3_ui_clk                                                                                                                                                  u_memc_ui_top_axi/mem_intfc0/ddr_phy_top0/u_ddr_mc_phy_wrapper/u_ddr_mc_phy/ddr_phy_4lanes_0.u_ddr_phy_4lanes/ddr_byte_lane_D.ddr_byte_lane_D/iserdes_clk_1        3.092        0.000                      0                    8       24.335        0.000                      0                    8  
sync_pulse_1                                                                                                                                                 mem_refclk_1                                                                                                                                                       0.375        0.000                      0                    2        0.200        0.000                      0                    2  
oserdes_clk_10                                                                                                                                               oserdes_clkdiv_10                                                                                                                                                  0.789        0.000                      0                   15        0.075        0.000                      0                   15  
oserdes_clk_11                                                                                                                                               oserdes_clkdiv_11                                                                                                                                                  0.664        0.000                      0                   15        0.066        0.000                      0                   15  
oserdes_clk_12                                                                                                                                               oserdes_clkdiv_12                                                                                                                                                  0.789        0.000                      0                    2        0.094        0.000                      0                    2  
oserdes_clk_13                                                                                                                                               oserdes_clkdiv_13                                                                                                                                                  0.789        0.000                      0                    8        0.085        0.000                      0                    8  
oserdes_clk_14                                                                                                                                               oserdes_clkdiv_14                                                                                                                                                  0.789        0.000                      0                    8        0.082        0.000                      0                    8  
oserdes_clk_15                                                                                                                                               oserdes_clkdiv_15                                                                                                                                                  0.597        0.000                      0                   11        0.094        0.000                      0                   11  
oserdes_clk_8                                                                                                                                                oserdes_clkdiv_8                                                                                                                                                   0.789        0.000                      0                   15        0.073        0.000                      0                   15  
oserdes_clk_9                                                                                                                                                oserdes_clkdiv_9                                                                                                                                                   0.789        0.000                      0                   15        0.077        0.000                      0                   15  
ddr3_ui_clk_2x                                                                                                                                               ddr3_ui_clk                                                                                                                                                        3.935        0.000                      0                    5        0.082        0.000                      0                    5  
ddr3_ui_clk                                                                                                                                                  ddr3_ui_clk_2x                                                                                                                                                     3.185        0.000                      0                    1        0.694        0.000                      0                    1  
fp_gpio_bus_clk                                                                                                                                              radio_clk                                                                                                                                                         39.002        0.000                      0                    1        5.758        0.000                      0                    1  
pl_spi_clk_a                                                                                                                                                 radio_clk                                                                                                                                                         83.700        0.000                      0                    1       18.357        0.000                      0                    1  
pl_spi_clk_b                                                                                                                                                 radio_clk                                                                                                                                                         82.932        0.000                      0                    1       18.641        0.000                      0                    1  
fpga_clk_a_v                                                                                                                                                 radio_clk                                                                                                                                                          1.154        0.000                      0                    1        0.989        0.000                      0                    1  
radio_clk_b                                                                                                                                                  radio_clk                                                                                                                                                          4.530        0.000                      0                    1        0.295        0.000                      0                    1  
radio_clk                                                                                                                                                    atr_bus_clk                                                                                                                                                        1.366        0.000                      0                    7        0.361        0.000                      0                    7  
radio_clk                                                                                                                                                    dsa_bus_clk                                                                                                                                                        0.290        0.000                      0                   47        0.261        0.000                      0                   47  
radio_clk                                                                                                                                                    fp_gpio_bus_clk                                                                                                                                                    2.103        0.000                      0                   11        1.743        0.000                      0                   11  
radio_clk                                                                                                                                                    pl_spi_clk_a                                                                                                                                                       8.455        0.000                      0                    4        8.086        0.000                      0                    4  
radio_clk                                                                                                                                                    pl_spi_clk_b                                                                                                                                                       8.926        0.000                      0                    4        7.284        0.000                      0                    4  
radio_clk                                                                                                                                                    fpga_clk_a_v                                                                                                                                                       0.260        0.000                      0                    1        0.565        0.000                      0                    1  
fpga_clk_b_v                                                                                                                                                 radio_clk_b                                                                                                                                                        1.245        0.000                      0                    1        0.890        0.000                      0                    1  
async_in_clk                                                                                                                                                 net_clk                                                                                                                                                           44.624        0.000                      0                    1        2.516        0.000                      0                    1  
wr_sysclk                                                                                                                                                    net_clk                                                                                                                                                            0.799        0.000                      0                    1        2.909        0.000                      0                    1  
async_in_clk                                                                                                                                                 wr_sysclk                                                                                                                                                         42.532        0.000                      0                    2        1.583        0.000                      0                    2  
net_clk                                                                                                                                                      wr_sysclk                                                                                                                                                          5.015        0.000                      0                    1        0.231        0.000                      0                    1  
wr_sysclk                                                                                                                                                    wr_bus_clk                                                                                                                                                         0.469        0.000                      0                    2        1.637        0.000                      0                    2  
dclk_buf                                                                                                                                                     xge_clk                                                                                                                                                            2.301        0.000                      0                   16                                                                        
xge_clk                                                                                                                                                      dclk_buf                                                                                                                                                           2.287        0.000                      0                   26                                                                        


------------------------------------------------------------------------------------------------
| Other Path Groups Table
| -----------------------
------------------------------------------------------------------------------------------------

Path Group                                                                                                                                  From Clock                                                                                                                                  To Clock                                                                                                                                        WNS(ns)      TNS(ns)  TNS Failing Endpoints  TNS Total Endpoints      WHS(ns)      THS(ns)  THS Failing Endpoints  THS Total Endpoints  
----------                                                                                                                                  ----------                                                                                                                                  --------                                                                                                                                        -------      -------  ---------------------  -------------------      -------      -------  ---------------------  -------------------  
**async_default**                                                                                                                           bus_clk                                                                                                                                     bus_clk                                                                                                                                           1.765        0.000                      0                17265        0.066        0.000                      0                17265  
**async_default**                                                                                                                           clk40                                                                                                                                       clk40                                                                                                                                             5.484        0.000                      0                 5137        0.249        0.000                      0                 5137  
**async_default**                                                                                                                           ddr3_dma_clk_misc_clock_gen                                                                                                                 ddr3_dma_clk_misc_clock_gen                                                                                                                       0.582        0.000                      0                 2448        0.102        0.000                      0                 2448  
**async_default**                                                                                                                           ddr3_ui_clk                                                                                                                                 ddr3_ui_clk                                                                                                                                       3.104        0.000                      0                  499        0.174        0.000                      0                  499  
**async_default**                                                                                                                           net_clk                                                                                                                                     net_clk                                                                                                                                           6.575        0.000                      0                    8        0.567        0.000                      0                    8  
**async_default**                                                                                                                           radio_clk                                                                                                                                   radio_clk                                                                                                                                         3.853        0.000                      0                 2102        0.187        0.000                      0                 2102  
**async_default**                                                                                                                           sfp_wrapper_1/mgt_io_i/ten_gige_phy_i/ten_gig_eth_pcs_pma_i/inst/gt0_gtwizard_10gbaser_multi_gt_i/gt0_gtwizard_10gbaser_i/gtxe2_i/TXOUTCLK  sfp_wrapper_1/mgt_io_i/ten_gige_phy_i/ten_gig_eth_pcs_pma_i/inst/gt0_gtwizard_10gbaser_multi_gt_i/gt0_gtwizard_10gbaser_i/gtxe2_i/TXOUTCLK        2.234        0.000                      0                    1        0.329        0.000                      0                    1  
**async_default**                                                                                                                           wr_rxoutclk                                                                                                                                 wr_rxoutclk                                                                                                                                      10.037        0.000                      0                   95        0.551        0.000                      0                   95  
**async_default**                                                                                                                           wr_sysclk                                                                                                                                   wr_sysclk                                                                                                                                         7.923        0.000                      0                 1244        1.318        0.000                      0                 1244  
**async_default**                                                                                                                           wr_txoutclk                                                                                                                                 wr_txoutclk                                                                                                                                       5.385        0.000                      0                   49        0.594        0.000                      0                   49  
**async_default**                                                                                                                           xge_clk                                                                                                                                     xge_clk                                                                                                                                           1.985        0.000                      0                 1045        0.697        0.000                      0                 1045  
**default**                                                                                                                                                                                                                                                                                                                                                                                                                               1.341        0.000                      0                   18        0.847        0.000                      0                   18  
**default**                                                                                                                                 ddr3_ui_clk                                                                                                                                                                                                                                                                                   0.698        0.000                      0                    2                                                                        
**default**                                                                                                                                 input port clock                                                                                                                                                                                                                                                                              1.002        0.000                      0                    2        1.437        0.000                      0                    2  


