The system is: Darwin - 17.6.0 - x86_64
Compiling the CXX compiler identification source file "CMakeCXXCompilerId.cpp" succeeded.
Compiler: /usr/bin/llvm-g++ 
Build flags: 
Id flags:  

The output was:
0


Compilation of the CXX compiler identification source "CMakeCXXCompilerId.cpp" produced "a.out"

The CXX compiler identification is AppleClang, found in "/Users/prager/Projects/uhd/build/CMakeFiles/3.11.1/CompilerIdCXX/a.out"

Compiling the C compiler identification source file "CMakeCCompilerId.c" succeeded.
Compiler: /usr/bin/llvm-gcc 
Build flags: 
Id flags:  

The output was:
0


Compilation of the C compiler identification source "CMakeCCompilerId.c" produced "a.out"

The C compiler identification is AppleClang, found in "/Users/prager/Projects/uhd/build/CMakeFiles/3.11.1/CompilerIdC/a.out"

Determining if the CXX compiler works passed with the following output:
Change Dir: /Users/prager/Projects/uhd/build/CMakeFiles/CMakeTmp

Run Build Command:"/usr/bin/make" "cmTC_9964e/fast"
/Applications/Xcode.app/Contents/Developer/usr/bin/make -f CMakeFiles/cmTC_9964e.dir/build.make CMakeFiles/cmTC_9964e.dir/build
Building CXX object CMakeFiles/cmTC_9964e.dir/testCXXCompiler.cxx.o
/usr/bin/llvm-g++     -o CMakeFiles/cmTC_9964e.dir/testCXXCompiler.cxx.o -c /Users/prager/Projects/uhd/build/CMakeFiles/CMakeTmp/testCXXCompiler.cxx
Linking CXX executable cmTC_9964e
/usr/local/Cellar/cmake/3.11.1/bin/cmake -E cmake_link_script CMakeFiles/cmTC_9964e.dir/link.txt --verbose=1
/usr/bin/llvm-g++    -Wl,-search_paths_first -Wl,-headerpad_max_install_names   CMakeFiles/cmTC_9964e.dir/testCXXCompiler.cxx.o  -o cmTC_9964e 


Detecting CXX compiler ABI info compiled with the following output:
Change Dir: /Users/prager/Projects/uhd/build/CMakeFiles/CMakeTmp

Run Build Command:"/usr/bin/make" "cmTC_5da76/fast"
/Applications/Xcode.app/Contents/Developer/usr/bin/make -f CMakeFiles/cmTC_5da76.dir/build.make CMakeFiles/cmTC_5da76.dir/build
Building CXX object CMakeFiles/cmTC_5da76.dir/CMakeCXXCompilerABI.cpp.o
/usr/bin/llvm-g++     -o CMakeFiles/cmTC_5da76.dir/CMakeCXXCompilerABI.cpp.o -c /usr/local/Cellar/cmake/3.11.1/share/cmake/Modules/CMakeCXXCompilerABI.cpp
Linking CXX executable cmTC_5da76
/usr/local/Cellar/cmake/3.11.1/bin/cmake -E cmake_link_script CMakeFiles/cmTC_5da76.dir/link.txt --verbose=1
/usr/bin/llvm-g++    -Wl,-search_paths_first -Wl,-headerpad_max_install_names  -v -Wl,-v CMakeFiles/cmTC_5da76.dir/CMakeCXXCompilerABI.cpp.o  -o cmTC_5da76 
Apple LLVM version 9.1.0 (clang-902.0.39.1)
Target: x86_64-apple-darwin17.6.0
Thread model: posix
InstalledDir: /Applications/Xcode.app/Contents/Developer/Toolchains/XcodeDefault.xctoolchain/usr/bin
 "/Applications/Xcode.app/Contents/Developer/Toolchains/XcodeDefault.xctoolchain/usr/bin/ld" -demangle -lto_library /Applications/Xcode.app/Contents/Developer/Toolchains/XcodeDefault.xctoolchain/usr/lib/libLTO.dylib -dynamic -arch x86_64 -macosx_version_min 10.13.0 -o cmTC_5da76 -search_paths_first -headerpad_max_install_names -v CMakeFiles/cmTC_5da76.dir/CMakeCXXCompilerABI.cpp.o -lc++ -lSystem /Applications/Xcode.app/Contents/Developer/Toolchains/XcodeDefault.xctoolchain/usr/lib/clang/9.1.0/lib/darwin/libclang_rt.osx.a
@(#)PROGRAM:ld  PROJECT:ld64-351.8
configured to support archs: armv6 armv7 armv7s arm64 i386 x86_64 x86_64h armv6m armv7k armv7m armv7em (tvOS)
Library search paths:
	/usr/lib
	/usr/local/lib
Framework search paths:
	/Library/Frameworks/
	/System/Library/Frameworks/


Parsed CXX implicit link information from above output:
  link line regex: [^( *|.*[/\])(ld|CMAKE_LINK_STARTFILE-NOTFOUND|([^/\]+-)?ld|collect2)[^/\]*( |$)]
  ignore line: [Change Dir: /Users/prager/Projects/uhd/build/CMakeFiles/CMakeTmp]
  ignore line: []
  ignore line: [Run Build Command:"/usr/bin/make" "cmTC_5da76/fast"]
  ignore line: [/Applications/Xcode.app/Contents/Developer/usr/bin/make -f CMakeFiles/cmTC_5da76.dir/build.make CMakeFiles/cmTC_5da76.dir/build]
  ignore line: [Building CXX object CMakeFiles/cmTC_5da76.dir/CMakeCXXCompilerABI.cpp.o]
  ignore line: [/usr/bin/llvm-g++     -o CMakeFiles/cmTC_5da76.dir/CMakeCXXCompilerABI.cpp.o -c /usr/local/Cellar/cmake/3.11.1/share/cmake/Modules/CMakeCXXCompilerABI.cpp]
  ignore line: [Linking CXX executable cmTC_5da76]
  ignore line: [/usr/local/Cellar/cmake/3.11.1/bin/cmake -E cmake_link_script CMakeFiles/cmTC_5da76.dir/link.txt --verbose=1]
  ignore line: [/usr/bin/llvm-g++    -Wl,-search_paths_first -Wl,-headerpad_max_install_names  -v -Wl,-v CMakeFiles/cmTC_5da76.dir/CMakeCXXCompilerABI.cpp.o  -o cmTC_5da76 ]
  ignore line: [Apple LLVM version 9.1.0 (clang-902.0.39.1)]
  ignore line: [Target: x86_64-apple-darwin17.6.0]
  ignore line: [Thread model: posix]
  ignore line: [InstalledDir: /Applications/Xcode.app/Contents/Developer/Toolchains/XcodeDefault.xctoolchain/usr/bin]
  link line: [ "/Applications/Xcode.app/Contents/Developer/Toolchains/XcodeDefault.xctoolchain/usr/bin/ld" -demangle -lto_library /Applications/Xcode.app/Contents/Developer/Toolchains/XcodeDefault.xctoolchain/usr/lib/libLTO.dylib -dynamic -arch x86_64 -macosx_version_min 10.13.0 -o cmTC_5da76 -search_paths_first -headerpad_max_install_names -v CMakeFiles/cmTC_5da76.dir/CMakeCXXCompilerABI.cpp.o -lc++ -lSystem /Applications/Xcode.app/Contents/Developer/Toolchains/XcodeDefault.xctoolchain/usr/lib/clang/9.1.0/lib/darwin/libclang_rt.osx.a]
    arg [/Applications/Xcode.app/Contents/Developer/Toolchains/XcodeDefault.xctoolchain/usr/bin/ld] ==> ignore
    arg [-demangle] ==> ignore
    arg [-lto_library] ==> ignore, skip following value
    arg [/Applications/Xcode.app/Contents/Developer/Toolchains/XcodeDefault.xctoolchain/usr/lib/libLTO.dylib] ==> skip value of -lto_library
    arg [-dynamic] ==> ignore
    arg [-arch] ==> ignore
    arg [x86_64] ==> ignore
    arg [-macosx_version_min] ==> ignore
    arg [10.13.0] ==> ignore
    arg [-o] ==> ignore
    arg [cmTC_5da76] ==> ignore
    arg [-search_paths_first] ==> ignore
    arg [-headerpad_max_install_names] ==> ignore
    arg [-v] ==> ignore
    arg [CMakeFiles/cmTC_5da76.dir/CMakeCXXCompilerABI.cpp.o] ==> ignore
    arg [-lc++] ==> lib [c++]
    arg [-lSystem] ==> lib [System]
    arg [/Applications/Xcode.app/Contents/Developer/Toolchains/XcodeDefault.xctoolchain/usr/lib/clang/9.1.0/lib/darwin/libclang_rt.osx.a] ==> lib [/Applications/Xcode.app/Contents/Developer/Toolchains/XcodeDefault.xctoolchain/usr/lib/clang/9.1.0/lib/darwin/libclang_rt.osx.a]
  Library search paths: [;/usr/lib;/usr/local/lib]
  Framework search paths: [;/Library/Frameworks/;/System/Library/Frameworks/]
  remove lib [System]
  remove lib [/Applications/Xcode.app/Contents/Developer/Toolchains/XcodeDefault.xctoolchain/usr/lib/clang/9.1.0/lib/darwin/libclang_rt.osx.a]
  collapse library dir [/usr/lib] ==> [/usr/lib]
  collapse library dir [/usr/local/lib] ==> [/usr/local/lib]
  collapse framework dir [/Library/Frameworks/] ==> [/Library/Frameworks]
  collapse framework dir [/System/Library/Frameworks/] ==> [/System/Library/Frameworks]
  implicit libs: [c++]
  implicit dirs: [/usr/lib;/usr/local/lib]
  implicit fwks: [/Library/Frameworks;/System/Library/Frameworks]




Detecting CXX [-std=c++1z] compiler features compiled with the following output:
Change Dir: /Users/prager/Projects/uhd/build/CMakeFiles/CMakeTmp

Run Build Command:"/usr/bin/make" "cmTC_889d5/fast"
/Applications/Xcode.app/Contents/Developer/usr/bin/make -f CMakeFiles/cmTC_889d5.dir/build.make CMakeFiles/cmTC_889d5.dir/build
Building CXX object CMakeFiles/cmTC_889d5.dir/feature_tests.cxx.o
/usr/bin/llvm-g++    -std=c++1z -o CMakeFiles/cmTC_889d5.dir/feature_tests.cxx.o -c /Users/prager/Projects/uhd/build/CMakeFiles/feature_tests.cxx
Linking CXX executable cmTC_889d5
/usr/local/Cellar/cmake/3.11.1/bin/cmake -E cmake_link_script CMakeFiles/cmTC_889d5.dir/link.txt --verbose=1
/usr/bin/llvm-g++    -Wl,-search_paths_first -Wl,-headerpad_max_install_names   CMakeFiles/cmTC_889d5.dir/feature_tests.cxx.o  -o cmTC_889d5 


    Feature record: CXX_FEATURE:1cxx_aggregate_default_initializers
    Feature record: CXX_FEATURE:1cxx_alias_templates
    Feature record: CXX_FEATURE:1cxx_alignas
    Feature record: CXX_FEATURE:1cxx_alignof
    Feature record: CXX_FEATURE:1cxx_attributes
    Feature record: CXX_FEATURE:1cxx_attribute_deprecated
    Feature record: CXX_FEATURE:1cxx_auto_type
    Feature record: CXX_FEATURE:1cxx_binary_literals
    Feature record: CXX_FEATURE:1cxx_constexpr
    Feature record: CXX_FEATURE:1cxx_contextual_conversions
    Feature record: CXX_FEATURE:1cxx_decltype
    Feature record: CXX_FEATURE:1cxx_decltype_auto
    Feature record: CXX_FEATURE:1cxx_decltype_incomplete_return_types
    Feature record: CXX_FEATURE:1cxx_default_function_template_args
    Feature record: CXX_FEATURE:1cxx_defaulted_functions
    Feature record: CXX_FEATURE:1cxx_defaulted_move_initializers
    Feature record: CXX_FEATURE:1cxx_delegating_constructors
    Feature record: CXX_FEATURE:1cxx_deleted_functions
    Feature record: CXX_FEATURE:1cxx_digit_separators
    Feature record: CXX_FEATURE:1cxx_enum_forward_declarations
    Feature record: CXX_FEATURE:1cxx_explicit_conversions
    Feature record: CXX_FEATURE:1cxx_extended_friend_declarations
    Feature record: CXX_FEATURE:1cxx_extern_templates
    Feature record: CXX_FEATURE:1cxx_final
    Feature record: CXX_FEATURE:1cxx_func_identifier
    Feature record: CXX_FEATURE:1cxx_generalized_initializers
    Feature record: CXX_FEATURE:1cxx_generic_lambdas
    Feature record: CXX_FEATURE:1cxx_inheriting_constructors
    Feature record: CXX_FEATURE:1cxx_inline_namespaces
    Feature record: CXX_FEATURE:1cxx_lambdas
    Feature record: CXX_FEATURE:1cxx_lambda_init_captures
    Feature record: CXX_FEATURE:1cxx_local_type_template_args
    Feature record: CXX_FEATURE:1cxx_long_long_type
    Feature record: CXX_FEATURE:1cxx_noexcept
    Feature record: CXX_FEATURE:1cxx_nonstatic_member_init
    Feature record: CXX_FEATURE:1cxx_nullptr
    Feature record: CXX_FEATURE:1cxx_override
    Feature record: CXX_FEATURE:1cxx_range_for
    Feature record: CXX_FEATURE:1cxx_raw_string_literals
    Feature record: CXX_FEATURE:1cxx_reference_qualified_functions
    Feature record: CXX_FEATURE:1cxx_relaxed_constexpr
    Feature record: CXX_FEATURE:1cxx_return_type_deduction
    Feature record: CXX_FEATURE:1cxx_right_angle_brackets
    Feature record: CXX_FEATURE:1cxx_rvalue_references
    Feature record: CXX_FEATURE:1cxx_sizeof_member
    Feature record: CXX_FEATURE:1cxx_static_assert
    Feature record: CXX_FEATURE:1cxx_strong_enums
    Feature record: CXX_FEATURE:1cxx_template_template_parameters
    Feature record: CXX_FEATURE:1cxx_thread_local
    Feature record: CXX_FEATURE:1cxx_trailing_return_types
    Feature record: CXX_FEATURE:1cxx_unicode_literals
    Feature record: CXX_FEATURE:1cxx_uniform_initialization
    Feature record: CXX_FEATURE:1cxx_unrestricted_unions
    Feature record: CXX_FEATURE:1cxx_user_literals
    Feature record: CXX_FEATURE:1cxx_variable_templates
    Feature record: CXX_FEATURE:1cxx_variadic_macros
    Feature record: CXX_FEATURE:1cxx_variadic_templates


Detecting CXX [-std=c++14] compiler features compiled with the following output:
Change Dir: /Users/prager/Projects/uhd/build/CMakeFiles/CMakeTmp

Run Build Command:"/usr/bin/make" "cmTC_ef2c0/fast"
/Applications/Xcode.app/Contents/Developer/usr/bin/make -f CMakeFiles/cmTC_ef2c0.dir/build.make CMakeFiles/cmTC_ef2c0.dir/build
Building CXX object CMakeFiles/cmTC_ef2c0.dir/feature_tests.cxx.o
/usr/bin/llvm-g++    -std=c++14 -o CMakeFiles/cmTC_ef2c0.dir/feature_tests.cxx.o -c /Users/prager/Projects/uhd/build/CMakeFiles/feature_tests.cxx
Linking CXX executable cmTC_ef2c0
/usr/local/Cellar/cmake/3.11.1/bin/cmake -E cmake_link_script CMakeFiles/cmTC_ef2c0.dir/link.txt --verbose=1
/usr/bin/llvm-g++    -Wl,-search_paths_first -Wl,-headerpad_max_install_names   CMakeFiles/cmTC_ef2c0.dir/feature_tests.cxx.o  -o cmTC_ef2c0 


    Feature record: CXX_FEATURE:1cxx_aggregate_default_initializers
    Feature record: CXX_FEATURE:1cxx_alias_templates
    Feature record: CXX_FEATURE:1cxx_alignas
    Feature record: CXX_FEATURE:1cxx_alignof
    Feature record: CXX_FEATURE:1cxx_attributes
    Feature record: CXX_FEATURE:1cxx_attribute_deprecated
    Feature record: CXX_FEATURE:1cxx_auto_type
    Feature record: CXX_FEATURE:1cxx_binary_literals
    Feature record: CXX_FEATURE:1cxx_constexpr
    Feature record: CXX_FEATURE:1cxx_contextual_conversions
    Feature record: CXX_FEATURE:1cxx_decltype
    Feature record: CXX_FEATURE:1cxx_decltype_auto
    Feature record: CXX_FEATURE:1cxx_decltype_incomplete_return_types
    Feature record: CXX_FEATURE:1cxx_default_function_template_args
    Feature record: CXX_FEATURE:1cxx_defaulted_functions
    Feature record: CXX_FEATURE:1cxx_defaulted_move_initializers
    Feature record: CXX_FEATURE:1cxx_delegating_constructors
    Feature record: CXX_FEATURE:1cxx_deleted_functions
    Feature record: CXX_FEATURE:1cxx_digit_separators
    Feature record: CXX_FEATURE:1cxx_enum_forward_declarations
    Feature record: CXX_FEATURE:1cxx_explicit_conversions
    Feature record: CXX_FEATURE:1cxx_extended_friend_declarations
    Feature record: CXX_FEATURE:1cxx_extern_templates
    Feature record: CXX_FEATURE:1cxx_final
    Feature record: CXX_FEATURE:1cxx_func_identifier
    Feature record: CXX_FEATURE:1cxx_generalized_initializers
    Feature record: CXX_FEATURE:1cxx_generic_lambdas
    Feature record: CXX_FEATURE:1cxx_inheriting_constructors
    Feature record: CXX_FEATURE:1cxx_inline_namespaces
    Feature record: CXX_FEATURE:1cxx_lambdas
    Feature record: CXX_FEATURE:1cxx_lambda_init_captures
    Feature record: CXX_FEATURE:1cxx_local_type_template_args
    Feature record: CXX_FEATURE:1cxx_long_long_type
    Feature record: CXX_FEATURE:1cxx_noexcept
    Feature record: CXX_FEATURE:1cxx_nonstatic_member_init
    Feature record: CXX_FEATURE:1cxx_nullptr
    Feature record: CXX_FEATURE:1cxx_override
    Feature record: CXX_FEATURE:1cxx_range_for
    Feature record: CXX_FEATURE:1cxx_raw_string_literals
    Feature record: CXX_FEATURE:1cxx_reference_qualified_functions
    Feature record: CXX_FEATURE:1cxx_relaxed_constexpr
    Feature record: CXX_FEATURE:1cxx_return_type_deduction
    Feature record: CXX_FEATURE:1cxx_right_angle_brackets
    Feature record: CXX_FEATURE:1cxx_rvalue_references
    Feature record: CXX_FEATURE:1cxx_sizeof_member
    Feature record: CXX_FEATURE:1cxx_static_assert
    Feature record: CXX_FEATURE:1cxx_strong_enums
    Feature record: CXX_FEATURE:1cxx_template_template_parameters
    Feature record: CXX_FEATURE:1cxx_thread_local
    Feature record: CXX_FEATURE:1cxx_trailing_return_types
    Feature record: CXX_FEATURE:1cxx_unicode_literals
    Feature record: CXX_FEATURE:1cxx_uniform_initialization
    Feature record: CXX_FEATURE:1cxx_unrestricted_unions
    Feature record: CXX_FEATURE:1cxx_user_literals
    Feature record: CXX_FEATURE:1cxx_variable_templates
    Feature record: CXX_FEATURE:1cxx_variadic_macros
    Feature record: CXX_FEATURE:1cxx_variadic_templates


Detecting CXX [-std=c++11] compiler features compiled with the following output:
Change Dir: /Users/prager/Projects/uhd/build/CMakeFiles/CMakeTmp

Run Build Command:"/usr/bin/make" "cmTC_37e07/fast"
/Applications/Xcode.app/Contents/Developer/usr/bin/make -f CMakeFiles/cmTC_37e07.dir/build.make CMakeFiles/cmTC_37e07.dir/build
Building CXX object CMakeFiles/cmTC_37e07.dir/feature_tests.cxx.o
/usr/bin/llvm-g++    -std=c++11 -o CMakeFiles/cmTC_37e07.dir/feature_tests.cxx.o -c /Users/prager/Projects/uhd/build/CMakeFiles/feature_tests.cxx
Linking CXX executable cmTC_37e07
/usr/local/Cellar/cmake/3.11.1/bin/cmake -E cmake_link_script CMakeFiles/cmTC_37e07.dir/link.txt --verbose=1
/usr/bin/llvm-g++    -Wl,-search_paths_first -Wl,-headerpad_max_install_names   CMakeFiles/cmTC_37e07.dir/feature_tests.cxx.o  -o cmTC_37e07 


    Feature record: CXX_FEATURE:0cxx_aggregate_default_initializers
    Feature record: CXX_FEATURE:1cxx_alias_templates
    Feature record: CXX_FEATURE:1cxx_alignas
    Feature record: CXX_FEATURE:1cxx_alignof
    Feature record: CXX_FEATURE:1cxx_attributes
    Feature record: CXX_FEATURE:0cxx_attribute_deprecated
    Feature record: CXX_FEATURE:1cxx_auto_type
    Feature record: CXX_FEATURE:0cxx_binary_literals
    Feature record: CXX_FEATURE:1cxx_constexpr
    Feature record: CXX_FEATURE:0cxx_contextual_conversions
    Feature record: CXX_FEATURE:1cxx_decltype
    Feature record: CXX_FEATURE:0cxx_decltype_auto
    Feature record: CXX_FEATURE:1cxx_decltype_incomplete_return_types
    Feature record: CXX_FEATURE:1cxx_default_function_template_args
    Feature record: CXX_FEATURE:1cxx_defaulted_functions
    Feature record: CXX_FEATURE:1cxx_defaulted_move_initializers
    Feature record: CXX_FEATURE:1cxx_delegating_constructors
    Feature record: CXX_FEATURE:1cxx_deleted_functions
    Feature record: CXX_FEATURE:0cxx_digit_separators
    Feature record: CXX_FEATURE:1cxx_enum_forward_declarations
    Feature record: CXX_FEATURE:1cxx_explicit_conversions
    Feature record: CXX_FEATURE:1cxx_extended_friend_declarations
    Feature record: CXX_FEATURE:1cxx_extern_templates
    Feature record: CXX_FEATURE:1cxx_final
    Feature record: CXX_FEATURE:1cxx_func_identifier
    Feature record: CXX_FEATURE:1cxx_generalized_initializers
    Feature record: CXX_FEATURE:0cxx_generic_lambdas
    Feature record: CXX_FEATURE:1cxx_inheriting_constructors
    Feature record: CXX_FEATURE:1cxx_inline_namespaces
    Feature record: CXX_FEATURE:1cxx_lambdas
    Feature record: CXX_FEATURE:0cxx_lambda_init_captures
    Feature record: CXX_FEATURE:1cxx_local_type_template_args
    Feature record: CXX_FEATURE:1cxx_long_long_type
    Feature record: CXX_FEATURE:1cxx_noexcept
    Feature record: CXX_FEATURE:1cxx_nonstatic_member_init
    Feature record: CXX_FEATURE:1cxx_nullptr
    Feature record: CXX_FEATURE:1cxx_override
    Feature record: CXX_FEATURE:1cxx_range_for
    Feature record: CXX_FEATURE:1cxx_raw_string_literals
    Feature record: CXX_FEATURE:1cxx_reference_qualified_functions
    Feature record: CXX_FEATURE:0cxx_relaxed_constexpr
    Feature record: CXX_FEATURE:0cxx_return_type_deduction
    Feature record: CXX_FEATURE:1cxx_right_angle_brackets
    Feature record: CXX_FEATURE:1cxx_rvalue_references
    Feature record: CXX_FEATURE:1cxx_sizeof_member
    Feature record: CXX_FEATURE:1cxx_static_assert
    Feature record: CXX_FEATURE:1cxx_strong_enums
    Feature record: CXX_FEATURE:1cxx_template_template_parameters
    Feature record: CXX_FEATURE:1cxx_thread_local
    Feature record: CXX_FEATURE:1cxx_trailing_return_types
    Feature record: CXX_FEATURE:1cxx_unicode_literals
    Feature record: CXX_FEATURE:1cxx_uniform_initialization
    Feature record: CXX_FEATURE:1cxx_unrestricted_unions
    Feature record: CXX_FEATURE:1cxx_user_literals
    Feature record: CXX_FEATURE:0cxx_variable_templates
    Feature record: CXX_FEATURE:1cxx_variadic_macros
    Feature record: CXX_FEATURE:1cxx_variadic_templates


Detecting CXX [-std=c++98] compiler features compiled with the following output:
Change Dir: /Users/prager/Projects/uhd/build/CMakeFiles/CMakeTmp

Run Build Command:"/usr/bin/make" "cmTC_edbf5/fast"
/Applications/Xcode.app/Contents/Developer/usr/bin/make -f CMakeFiles/cmTC_edbf5.dir/build.make CMakeFiles/cmTC_edbf5.dir/build
Building CXX object CMakeFiles/cmTC_edbf5.dir/feature_tests.cxx.o
/usr/bin/llvm-g++    -std=c++98 -o CMakeFiles/cmTC_edbf5.dir/feature_tests.cxx.o -c /Users/prager/Projects/uhd/build/CMakeFiles/feature_tests.cxx
Linking CXX executable cmTC_edbf5
/usr/local/Cellar/cmake/3.11.1/bin/cmake -E cmake_link_script CMakeFiles/cmTC_edbf5.dir/link.txt --verbose=1
/usr/bin/llvm-g++    -Wl,-search_paths_first -Wl,-headerpad_max_install_names   CMakeFiles/cmTC_edbf5.dir/feature_tests.cxx.o  -o cmTC_edbf5 


    Feature record: CXX_FEATURE:0cxx_aggregate_default_initializers
    Feature record: CXX_FEATURE:0cxx_alias_templates
    Feature record: CXX_FEATURE:0cxx_alignas
    Feature record: CXX_FEATURE:0cxx_alignof
    Feature record: CXX_FEATURE:0cxx_attributes
    Feature record: CXX_FEATURE:0cxx_attribute_deprecated
    Feature record: CXX_FEATURE:0cxx_auto_type
    Feature record: CXX_FEATURE:0cxx_binary_literals
    Feature record: CXX_FEATURE:0cxx_constexpr
    Feature record: CXX_FEATURE:0cxx_contextual_conversions
    Feature record: CXX_FEATURE:0cxx_decltype
    Feature record: CXX_FEATURE:0cxx_decltype_auto
    Feature record: CXX_FEATURE:0cxx_decltype_incomplete_return_types
    Feature record: CXX_FEATURE:0cxx_default_function_template_args
    Feature record: CXX_FEATURE:0cxx_defaulted_functions
    Feature record: CXX_FEATURE:0cxx_defaulted_move_initializers
    Feature record: CXX_FEATURE:0cxx_delegating_constructors
    Feature record: CXX_FEATURE:0cxx_deleted_functions
    Feature record: CXX_FEATURE:0cxx_digit_separators
    Feature record: CXX_FEATURE:0cxx_enum_forward_declarations
    Feature record: CXX_FEATURE:0cxx_explicit_conversions
    Feature record: CXX_FEATURE:0cxx_extended_friend_declarations
    Feature record: CXX_FEATURE:0cxx_extern_templates
    Feature record: CXX_FEATURE:0cxx_final
    Feature record: CXX_FEATURE:0cxx_func_identifier
    Feature record: CXX_FEATURE:0cxx_generalized_initializers
    Feature record: CXX_FEATURE:0cxx_generic_lambdas
    Feature record: CXX_FEATURE:0cxx_inheriting_constructors
    Feature record: CXX_FEATURE:0cxx_inline_namespaces
    Feature record: CXX_FEATURE:0cxx_lambdas
    Feature record: CXX_FEATURE:0cxx_lambda_init_captures
    Feature record: CXX_FEATURE:0cxx_local_type_template_args
    Feature record: CXX_FEATURE:0cxx_long_long_type
    Feature record: CXX_FEATURE:0cxx_noexcept
    Feature record: CXX_FEATURE:0cxx_nonstatic_member_init
    Feature record: CXX_FEATURE:0cxx_nullptr
    Feature record: CXX_FEATURE:0cxx_override
    Feature record: CXX_FEATURE:0cxx_range_for
    Feature record: CXX_FEATURE:0cxx_raw_string_literals
    Feature record: CXX_FEATURE:0cxx_reference_qualified_functions
    Feature record: CXX_FEATURE:0cxx_relaxed_constexpr
    Feature record: CXX_FEATURE:0cxx_return_type_deduction
    Feature record: CXX_FEATURE:0cxx_right_angle_brackets
    Feature record: CXX_FEATURE:0cxx_rvalue_references
    Feature record: CXX_FEATURE:0cxx_sizeof_member
    Feature record: CXX_FEATURE:0cxx_static_assert
    Feature record: CXX_FEATURE:0cxx_strong_enums
    Feature record: CXX_FEATURE:1cxx_template_template_parameters
    Feature record: CXX_FEATURE:0cxx_thread_local
    Feature record: CXX_FEATURE:0cxx_trailing_return_types
    Feature record: CXX_FEATURE:0cxx_unicode_literals
    Feature record: CXX_FEATURE:0cxx_uniform_initialization
    Feature record: CXX_FEATURE:0cxx_unrestricted_unions
    Feature record: CXX_FEATURE:0cxx_user_literals
    Feature record: CXX_FEATURE:0cxx_variable_templates
    Feature record: CXX_FEATURE:0cxx_variadic_macros
    Feature record: CXX_FEATURE:0cxx_variadic_templates
Determining if the C compiler works passed with the following output:
Change Dir: /Users/prager/Projects/uhd/build/CMakeFiles/CMakeTmp

Run Build Command:"/usr/bin/make" "cmTC_aa1af/fast"
/Applications/Xcode.app/Contents/Developer/usr/bin/make -f CMakeFiles/cmTC_aa1af.dir/build.make CMakeFiles/cmTC_aa1af.dir/build
Building C object CMakeFiles/cmTC_aa1af.dir/testCCompiler.c.o
/usr/bin/llvm-gcc    -o CMakeFiles/cmTC_aa1af.dir/testCCompiler.c.o   -c /Users/prager/Projects/uhd/build/CMakeFiles/CMakeTmp/testCCompiler.c
Linking C executable cmTC_aa1af
/usr/local/Cellar/cmake/3.11.1/bin/cmake -E cmake_link_script CMakeFiles/cmTC_aa1af.dir/link.txt --verbose=1
/usr/bin/llvm-gcc   -Wl,-search_paths_first -Wl,-headerpad_max_install_names   CMakeFiles/cmTC_aa1af.dir/testCCompiler.c.o  -o cmTC_aa1af 


Detecting C compiler ABI info compiled with the following output:
Change Dir: /Users/prager/Projects/uhd/build/CMakeFiles/CMakeTmp

Run Build Command:"/usr/bin/make" "cmTC_830f1/fast"
/Applications/Xcode.app/Contents/Developer/usr/bin/make -f CMakeFiles/cmTC_830f1.dir/build.make CMakeFiles/cmTC_830f1.dir/build
Building C object CMakeFiles/cmTC_830f1.dir/CMakeCCompilerABI.c.o
/usr/bin/llvm-gcc    -o CMakeFiles/cmTC_830f1.dir/CMakeCCompilerABI.c.o   -c /usr/local/Cellar/cmake/3.11.1/share/cmake/Modules/CMakeCCompilerABI.c
Linking C executable cmTC_830f1
/usr/local/Cellar/cmake/3.11.1/bin/cmake -E cmake_link_script CMakeFiles/cmTC_830f1.dir/link.txt --verbose=1
/usr/bin/llvm-gcc   -Wl,-search_paths_first -Wl,-headerpad_max_install_names  -v -Wl,-v CMakeFiles/cmTC_830f1.dir/CMakeCCompilerABI.c.o  -o cmTC_830f1 
Apple LLVM version 9.1.0 (clang-902.0.39.1)
Target: x86_64-apple-darwin17.6.0
Thread model: posix
InstalledDir: /Applications/Xcode.app/Contents/Developer/Toolchains/XcodeDefault.xctoolchain/usr/bin
 "/Applications/Xcode.app/Contents/Developer/Toolchains/XcodeDefault.xctoolchain/usr/bin/ld" -demangle -lto_library /Applications/Xcode.app/Contents/Developer/Toolchains/XcodeDefault.xctoolchain/usr/lib/libLTO.dylib -dynamic -arch x86_64 -macosx_version_min 10.13.0 -o cmTC_830f1 -search_paths_first -headerpad_max_install_names -v CMakeFiles/cmTC_830f1.dir/CMakeCCompilerABI.c.o -lSystem /Applications/Xcode.app/Contents/Developer/Toolchains/XcodeDefault.xctoolchain/usr/lib/clang/9.1.0/lib/darwin/libclang_rt.osx.a
@(#)PROGRAM:ld  PROJECT:ld64-351.8
configured to support archs: armv6 armv7 armv7s arm64 i386 x86_64 x86_64h armv6m armv7k armv7m armv7em (tvOS)
Library search paths:
	/usr/lib
	/usr/local/lib
Framework search paths:
	/Library/Frameworks/
	/System/Library/Frameworks/


Parsed C implicit link information from above output:
  link line regex: [^( *|.*[/\])(ld|CMAKE_LINK_STARTFILE-NOTFOUND|([^/\]+-)?ld|collect2)[^/\]*( |$)]
  ignore line: [Change Dir: /Users/prager/Projects/uhd/build/CMakeFiles/CMakeTmp]
  ignore line: []
  ignore line: [Run Build Command:"/usr/bin/make" "cmTC_830f1/fast"]
  ignore line: [/Applications/Xcode.app/Contents/Developer/usr/bin/make -f CMakeFiles/cmTC_830f1.dir/build.make CMakeFiles/cmTC_830f1.dir/build]
  ignore line: [Building C object CMakeFiles/cmTC_830f1.dir/CMakeCCompilerABI.c.o]
  ignore line: [/usr/bin/llvm-gcc    -o CMakeFiles/cmTC_830f1.dir/CMakeCCompilerABI.c.o   -c /usr/local/Cellar/cmake/3.11.1/share/cmake/Modules/CMakeCCompilerABI.c]
  ignore line: [Linking C executable cmTC_830f1]
  ignore line: [/usr/local/Cellar/cmake/3.11.1/bin/cmake -E cmake_link_script CMakeFiles/cmTC_830f1.dir/link.txt --verbose=1]
  ignore line: [/usr/bin/llvm-gcc   -Wl,-search_paths_first -Wl,-headerpad_max_install_names  -v -Wl,-v CMakeFiles/cmTC_830f1.dir/CMakeCCompilerABI.c.o  -o cmTC_830f1 ]
  ignore line: [Apple LLVM version 9.1.0 (clang-902.0.39.1)]
  ignore line: [Target: x86_64-apple-darwin17.6.0]
  ignore line: [Thread model: posix]
  ignore line: [InstalledDir: /Applications/Xcode.app/Contents/Developer/Toolchains/XcodeDefault.xctoolchain/usr/bin]
  link line: [ "/Applications/Xcode.app/Contents/Developer/Toolchains/XcodeDefault.xctoolchain/usr/bin/ld" -demangle -lto_library /Applications/Xcode.app/Contents/Developer/Toolchains/XcodeDefault.xctoolchain/usr/lib/libLTO.dylib -dynamic -arch x86_64 -macosx_version_min 10.13.0 -o cmTC_830f1 -search_paths_first -headerpad_max_install_names -v CMakeFiles/cmTC_830f1.dir/CMakeCCompilerABI.c.o -lSystem /Applications/Xcode.app/Contents/Developer/Toolchains/XcodeDefault.xctoolchain/usr/lib/clang/9.1.0/lib/darwin/libclang_rt.osx.a]
    arg [/Applications/Xcode.app/Contents/Developer/Toolchains/XcodeDefault.xctoolchain/usr/bin/ld] ==> ignore
    arg [-demangle] ==> ignore
    arg [-lto_library] ==> ignore, skip following value
    arg [/Applications/Xcode.app/Contents/Developer/Toolchains/XcodeDefault.xctoolchain/usr/lib/libLTO.dylib] ==> skip value of -lto_library
    arg [-dynamic] ==> ignore
    arg [-arch] ==> ignore
    arg [x86_64] ==> ignore
    arg [-macosx_version_min] ==> ignore
    arg [10.13.0] ==> ignore
    arg [-o] ==> ignore
    arg [cmTC_830f1] ==> ignore
    arg [-search_paths_first] ==> ignore
    arg [-headerpad_max_install_names] ==> ignore
    arg [-v] ==> ignore
    arg [CMakeFiles/cmTC_830f1.dir/CMakeCCompilerABI.c.o] ==> ignore
    arg [-lSystem] ==> lib [System]
    arg [/Applications/Xcode.app/Contents/Developer/Toolchains/XcodeDefault.xctoolchain/usr/lib/clang/9.1.0/lib/darwin/libclang_rt.osx.a] ==> lib [/Applications/Xcode.app/Contents/Developer/Toolchains/XcodeDefault.xctoolchain/usr/lib/clang/9.1.0/lib/darwin/libclang_rt.osx.a]
  Library search paths: [;/usr/lib;/usr/local/lib]
  Framework search paths: [;/Library/Frameworks/;/System/Library/Frameworks/]
  remove lib [System]
  remove lib [/Applications/Xcode.app/Contents/Developer/Toolchains/XcodeDefault.xctoolchain/usr/lib/clang/9.1.0/lib/darwin/libclang_rt.osx.a]
  collapse library dir [/usr/lib] ==> [/usr/lib]
  collapse library dir [/usr/local/lib] ==> [/usr/local/lib]
  collapse framework dir [/Library/Frameworks/] ==> [/Library/Frameworks]
  collapse framework dir [/System/Library/Frameworks/] ==> [/System/Library/Frameworks]
  implicit libs: []
  implicit dirs: [/usr/lib;/usr/local/lib]
  implicit fwks: [/Library/Frameworks;/System/Library/Frameworks]




Detecting C [-std=c11] compiler features compiled with the following output:
Change Dir: /Users/prager/Projects/uhd/build/CMakeFiles/CMakeTmp

Run Build Command:"/usr/bin/make" "cmTC_69aae/fast"
/Applications/Xcode.app/Contents/Developer/usr/bin/make -f CMakeFiles/cmTC_69aae.dir/build.make CMakeFiles/cmTC_69aae.dir/build
Building C object CMakeFiles/cmTC_69aae.dir/feature_tests.c.o
/usr/bin/llvm-gcc   -std=c11 -o CMakeFiles/cmTC_69aae.dir/feature_tests.c.o   -c /Users/prager/Projects/uhd/build/CMakeFiles/feature_tests.c
Linking C executable cmTC_69aae
/usr/local/Cellar/cmake/3.11.1/bin/cmake -E cmake_link_script CMakeFiles/cmTC_69aae.dir/link.txt --verbose=1
/usr/bin/llvm-gcc   -Wl,-search_paths_first -Wl,-headerpad_max_install_names   CMakeFiles/cmTC_69aae.dir/feature_tests.c.o  -o cmTC_69aae 


    Feature record: C_FEATURE:1c_function_prototypes
    Feature record: C_FEATURE:1c_restrict
    Feature record: C_FEATURE:1c_static_assert
    Feature record: C_FEATURE:1c_variadic_macros


Detecting C [-std=c99] compiler features compiled with the following output:
Change Dir: /Users/prager/Projects/uhd/build/CMakeFiles/CMakeTmp

Run Build Command:"/usr/bin/make" "cmTC_7c8dc/fast"
/Applications/Xcode.app/Contents/Developer/usr/bin/make -f CMakeFiles/cmTC_7c8dc.dir/build.make CMakeFiles/cmTC_7c8dc.dir/build
Building C object CMakeFiles/cmTC_7c8dc.dir/feature_tests.c.o
/usr/bin/llvm-gcc   -std=c99 -o CMakeFiles/cmTC_7c8dc.dir/feature_tests.c.o   -c /Users/prager/Projects/uhd/build/CMakeFiles/feature_tests.c
Linking C executable cmTC_7c8dc
/usr/local/Cellar/cmake/3.11.1/bin/cmake -E cmake_link_script CMakeFiles/cmTC_7c8dc.dir/link.txt --verbose=1
/usr/bin/llvm-gcc   -Wl,-search_paths_first -Wl,-headerpad_max_install_names   CMakeFiles/cmTC_7c8dc.dir/feature_tests.c.o  -o cmTC_7c8dc 


    Feature record: C_FEATURE:1c_function_prototypes
    Feature record: C_FEATURE:1c_restrict
    Feature record: C_FEATURE:0c_static_assert
    Feature record: C_FEATURE:1c_variadic_macros


Detecting C [-std=c90] compiler features compiled with the following output:
Change Dir: /Users/prager/Projects/uhd/build/CMakeFiles/CMakeTmp

Run Build Command:"/usr/bin/make" "cmTC_d382e/fast"
/Applications/Xcode.app/Contents/Developer/usr/bin/make -f CMakeFiles/cmTC_d382e.dir/build.make CMakeFiles/cmTC_d382e.dir/build
Building C object CMakeFiles/cmTC_d382e.dir/feature_tests.c.o
/usr/bin/llvm-gcc   -std=c90 -o CMakeFiles/cmTC_d382e.dir/feature_tests.c.o   -c /Users/prager/Projects/uhd/build/CMakeFiles/feature_tests.c
Linking C executable cmTC_d382e
/usr/local/Cellar/cmake/3.11.1/bin/cmake -E cmake_link_script CMakeFiles/cmTC_d382e.dir/link.txt --verbose=1
/usr/bin/llvm-gcc   -Wl,-search_paths_first -Wl,-headerpad_max_install_names   CMakeFiles/cmTC_d382e.dir/feature_tests.c.o  -o cmTC_d382e 


    Feature record: C_FEATURE:1c_function_prototypes
    Feature record: C_FEATURE:0c_restrict
    Feature record: C_FEATURE:0c_static_assert
    Feature record: C_FEATURE:0c_variadic_macros
Performing C++ SOURCE FILE Test HAVE_VISIBILITY_HIDDEN succeeded with the following output:
Change Dir: /Users/prager/Projects/uhd/build/CMakeFiles/CMakeTmp

Run Build Command:"/usr/bin/make" "cmTC_6d10f/fast"
/Applications/Xcode.app/Contents/Developer/usr/bin/make -f CMakeFiles/cmTC_6d10f.dir/build.make CMakeFiles/cmTC_6d10f.dir/build
Building CXX object CMakeFiles/cmTC_6d10f.dir/src.cxx.o
/usr/bin/llvm-g++    -DHAVE_VISIBILITY_HIDDEN   -fvisibility=hidden -o CMakeFiles/cmTC_6d10f.dir/src.cxx.o -c /Users/prager/Projects/uhd/build/CMakeFiles/CMakeTmp/src.cxx
Linking CXX executable cmTC_6d10f
/usr/local/Cellar/cmake/3.11.1/bin/cmake -E cmake_link_script CMakeFiles/cmTC_6d10f.dir/link.txt --verbose=1
/usr/bin/llvm-g++   -DHAVE_VISIBILITY_HIDDEN -Wl,-search_paths_first -Wl,-headerpad_max_install_names   CMakeFiles/cmTC_6d10f.dir/src.cxx.o  -o cmTC_6d10f 

Source file was:
int main() { return 0; }
Performing C++ SOURCE FILE Test HAVE_VISIBILITY_INLINES_HIDDEN succeeded with the following output:
Change Dir: /Users/prager/Projects/uhd/build/CMakeFiles/CMakeTmp

Run Build Command:"/usr/bin/make" "cmTC_6de3c/fast"
/Applications/Xcode.app/Contents/Developer/usr/bin/make -f CMakeFiles/cmTC_6de3c.dir/build.make CMakeFiles/cmTC_6de3c.dir/build
Building CXX object CMakeFiles/cmTC_6de3c.dir/src.cxx.o
/usr/bin/llvm-g++    -fvisibility=hidden -DHAVE_VISIBILITY_INLINES_HIDDEN   -fvisibility-inlines-hidden -o CMakeFiles/cmTC_6de3c.dir/src.cxx.o -c /Users/prager/Projects/uhd/build/CMakeFiles/CMakeTmp/src.cxx
Linking CXX executable cmTC_6de3c
/usr/local/Cellar/cmake/3.11.1/bin/cmake -E cmake_link_script CMakeFiles/cmTC_6de3c.dir/link.txt --verbose=1
/usr/bin/llvm-g++   -fvisibility=hidden -DHAVE_VISIBILITY_INLINES_HIDDEN -Wl,-search_paths_first -Wl,-headerpad_max_install_names   CMakeFiles/cmTC_6de3c.dir/src.cxx.o  -o cmTC_6de3c 

Source file was:
int main() { return 0; }
Determining if the include file pthread.h exists passed with the following output:
Change Dir: /Users/prager/Projects/uhd/build/CMakeFiles/CMakeTmp

Run Build Command:"/usr/bin/make" "cmTC_3d618/fast"
/Applications/Xcode.app/Contents/Developer/usr/bin/make -f CMakeFiles/cmTC_3d618.dir/build.make CMakeFiles/cmTC_3d618.dir/build
Building C object CMakeFiles/cmTC_3d618.dir/CheckIncludeFile.c.o
/usr/bin/llvm-gcc    -o CMakeFiles/cmTC_3d618.dir/CheckIncludeFile.c.o   -c /Users/prager/Projects/uhd/build/CMakeFiles/CMakeTmp/CheckIncludeFile.c
Linking C executable cmTC_3d618
/usr/local/Cellar/cmake/3.11.1/bin/cmake -E cmake_link_script CMakeFiles/cmTC_3d618.dir/link.txt --verbose=1
/usr/bin/llvm-gcc   -Wl,-search_paths_first -Wl,-headerpad_max_install_names   CMakeFiles/cmTC_3d618.dir/CheckIncludeFile.c.o  -o cmTC_3d618 


Determining if the pthread_create exist passed with the following output:
Change Dir: /Users/prager/Projects/uhd/build/CMakeFiles/CMakeTmp

Run Build Command:"/usr/bin/make" "cmTC_21e52/fast"
/Applications/Xcode.app/Contents/Developer/usr/bin/make -f CMakeFiles/cmTC_21e52.dir/build.make CMakeFiles/cmTC_21e52.dir/build
Building C object CMakeFiles/cmTC_21e52.dir/CheckSymbolExists.c.o
/usr/bin/llvm-gcc    -o CMakeFiles/cmTC_21e52.dir/CheckSymbolExists.c.o   -c /Users/prager/Projects/uhd/build/CMakeFiles/CMakeTmp/CheckSymbolExists.c
Linking C executable cmTC_21e52
/usr/local/Cellar/cmake/3.11.1/bin/cmake -E cmake_link_script CMakeFiles/cmTC_21e52.dir/link.txt --verbose=1
/usr/bin/llvm-gcc   -Wl,-search_paths_first -Wl,-headerpad_max_install_names   CMakeFiles/cmTC_21e52.dir/CheckSymbolExists.c.o  -o cmTC_21e52 

File /Users/prager/Projects/uhd/build/CMakeFiles/CMakeTmp/CheckSymbolExists.c:
/* */
#include <pthread.h>

int main(int argc, char** argv)
{
  (void)argv;
#ifndef pthread_create
  return ((int*)(&pthread_create))[argc];
#else
  (void)argc;
  return 0;
#endif
}

Determining if the function libusb_handle_events_timeout_completed exists passed with the following output:
Change Dir: /Users/prager/Projects/uhd/build/CMakeFiles/CMakeTmp

Run Build Command:"/usr/bin/make" "cmTC_077e4/fast"
/Applications/Xcode.app/Contents/Developer/usr/bin/make -f CMakeFiles/cmTC_077e4.dir/build.make CMakeFiles/cmTC_077e4.dir/build
Building C object CMakeFiles/cmTC_077e4.dir/CheckFunctionExists.c.o
/usr/bin/llvm-gcc  -I/usr/local/Cellar/libusb/1.0.22/include/libusb-1.0  -DCHECK_FUNCTION_EXISTS=libusb_handle_events_timeout_completed   -o CMakeFiles/cmTC_077e4.dir/CheckFunctionExists.c.o   -c /usr/local/Cellar/cmake/3.11.1/share/cmake/Modules/CheckFunctionExists.c
Linking C executable cmTC_077e4
/usr/local/Cellar/cmake/3.11.1/bin/cmake -E cmake_link_script CMakeFiles/cmTC_077e4.dir/link.txt --verbose=1
/usr/bin/llvm-gcc  -DCHECK_FUNCTION_EXISTS=libusb_handle_events_timeout_completed -Wl,-search_paths_first -Wl,-headerpad_max_install_names   CMakeFiles/cmTC_077e4.dir/CheckFunctionExists.c.o  -o cmTC_077e4 /usr/local/Cellar/libusb/1.0.22/lib/libusb-1.0.dylib 


Determining if the function libusb_error_name exists passed with the following output:
Change Dir: /Users/prager/Projects/uhd/build/CMakeFiles/CMakeTmp

Run Build Command:"/usr/bin/make" "cmTC_06fc5/fast"
/Applications/Xcode.app/Contents/Developer/usr/bin/make -f CMakeFiles/cmTC_06fc5.dir/build.make CMakeFiles/cmTC_06fc5.dir/build
Building C object CMakeFiles/cmTC_06fc5.dir/CheckFunctionExists.c.o
/usr/bin/llvm-gcc  -I/usr/local/Cellar/libusb/1.0.22/include/libusb-1.0  -DCHECK_FUNCTION_EXISTS=libusb_error_name   -o CMakeFiles/cmTC_06fc5.dir/CheckFunctionExists.c.o   -c /usr/local/Cellar/cmake/3.11.1/share/cmake/Modules/CheckFunctionExists.c
Linking C executable cmTC_06fc5
/usr/local/Cellar/cmake/3.11.1/bin/cmake -E cmake_link_script CMakeFiles/cmTC_06fc5.dir/link.txt --verbose=1
/usr/bin/llvm-gcc  -DCHECK_FUNCTION_EXISTS=libusb_error_name -Wl,-search_paths_first -Wl,-headerpad_max_install_names   CMakeFiles/cmTC_06fc5.dir/CheckFunctionExists.c.o  -o cmTC_06fc5 /usr/local/Cellar/libusb/1.0.22/lib/libusb-1.0.dylib 


Determining if the function libusb_strerror exists passed with the following output:
Change Dir: /Users/prager/Projects/uhd/build/CMakeFiles/CMakeTmp

Run Build Command:"/usr/bin/make" "cmTC_de329/fast"
/Applications/Xcode.app/Contents/Developer/usr/bin/make -f CMakeFiles/cmTC_de329.dir/build.make CMakeFiles/cmTC_de329.dir/build
Building C object CMakeFiles/cmTC_de329.dir/CheckFunctionExists.c.o
/usr/bin/llvm-gcc  -I/usr/local/Cellar/libusb/1.0.22/include/libusb-1.0  -DCHECK_FUNCTION_EXISTS=libusb_strerror   -o CMakeFiles/cmTC_de329.dir/CheckFunctionExists.c.o   -c /usr/local/Cellar/cmake/3.11.1/share/cmake/Modules/CheckFunctionExists.c
Linking C executable cmTC_de329
/usr/local/Cellar/cmake/3.11.1/bin/cmake -E cmake_link_script CMakeFiles/cmTC_de329.dir/link.txt --verbose=1
/usr/bin/llvm-gcc  -DCHECK_FUNCTION_EXISTS=libusb_strerror -Wl,-search_paths_first -Wl,-headerpad_max_install_names   CMakeFiles/cmTC_de329.dir/CheckFunctionExists.c.o  -o cmTC_de329 /usr/local/Cellar/libusb/1.0.22/lib/libusb-1.0.dylib 


Determining if the include file emmintrin.h exists passed with the following output:
Change Dir: /Users/prager/Projects/uhd/build/CMakeFiles/CMakeTmp

Run Build Command:"/usr/bin/make" "cmTC_baa96/fast"
/Applications/Xcode.app/Contents/Developer/usr/bin/make -f CMakeFiles/cmTC_baa96.dir/build.make CMakeFiles/cmTC_baa96.dir/build
Building CXX object CMakeFiles/cmTC_baa96.dir/CheckIncludeFile.cxx.o
/usr/bin/llvm-g++   -I/usr/local/Cellar/libusb/1.0.22/include/libusb-1.0  -fvisibility=hidden -fvisibility-inlines-hidden    -o CMakeFiles/cmTC_baa96.dir/CheckIncludeFile.cxx.o -c /Users/prager/Projects/uhd/build/CMakeFiles/CMakeTmp/CheckIncludeFile.cxx
Linking CXX executable cmTC_baa96
/usr/local/Cellar/cmake/3.11.1/bin/cmake -E cmake_link_script CMakeFiles/cmTC_baa96.dir/link.txt --verbose=1
/usr/bin/llvm-g++   -fvisibility=hidden -fvisibility-inlines-hidden  -Wl,-search_paths_first -Wl,-headerpad_max_install_names   CMakeFiles/cmTC_baa96.dir/CheckIncludeFile.cxx.o  -o cmTC_baa96 


Performing C++ SOURCE FILE Test HAVE_PTHREAD_SETSCHEDPARAM succeeded with the following output:
Change Dir: /Users/prager/Projects/uhd/build/CMakeFiles/CMakeTmp

Run Build Command:"/usr/bin/make" "cmTC_cfb99/fast"
/Applications/Xcode.app/Contents/Developer/usr/bin/make -f CMakeFiles/cmTC_cfb99.dir/build.make CMakeFiles/cmTC_cfb99.dir/build
Building CXX object CMakeFiles/cmTC_cfb99.dir/src.cxx.o
/usr/bin/llvm-g++   -I/usr/local/Cellar/libusb/1.0.22/include/libusb-1.0  -fvisibility=hidden -fvisibility-inlines-hidden -DHAVE_PTHREAD_SETSCHEDPARAM   -o CMakeFiles/cmTC_cfb99.dir/src.cxx.o -c /Users/prager/Projects/uhd/build/CMakeFiles/CMakeTmp/src.cxx
Linking CXX executable cmTC_cfb99
/usr/local/Cellar/cmake/3.11.1/bin/cmake -E cmake_link_script CMakeFiles/cmTC_cfb99.dir/link.txt --verbose=1
/usr/bin/llvm-g++   -fvisibility=hidden -fvisibility-inlines-hidden -DHAVE_PTHREAD_SETSCHEDPARAM -Wl,-search_paths_first -Wl,-headerpad_max_install_names   CMakeFiles/cmTC_cfb99.dir/src.cxx.o  -o cmTC_cfb99 /usr/local/Cellar/libusb/1.0.22/lib/libusb-1.0.dylib 

Source file was:

    #include <pthread.h>
    int main(){
        struct sched_param sp;
        pthread_setschedparam(pthread_self(), SCHED_RR, &sp);
        return 0;
    }
    
Performing C++ SOURCE FILE Test HAVE_MACH_ABSOLUTE_TIME succeeded with the following output:
Change Dir: /Users/prager/Projects/uhd/build/CMakeFiles/CMakeTmp

Run Build Command:"/usr/bin/make" "cmTC_86126/fast"
/Applications/Xcode.app/Contents/Developer/usr/bin/make -f CMakeFiles/cmTC_86126.dir/build.make CMakeFiles/cmTC_86126.dir/build
Building CXX object CMakeFiles/cmTC_86126.dir/src.cxx.o
/usr/bin/llvm-g++   -I/usr/local/Cellar/libusb/1.0.22/include/libusb-1.0  -fvisibility=hidden -fvisibility-inlines-hidden -DHAVE_MACH_ABSOLUTE_TIME   -o CMakeFiles/cmTC_86126.dir/src.cxx.o -c /Users/prager/Projects/uhd/build/CMakeFiles/CMakeTmp/src.cxx
Linking CXX executable cmTC_86126
/usr/local/Cellar/cmake/3.11.1/bin/cmake -E cmake_link_script CMakeFiles/cmTC_86126.dir/link.txt --verbose=1
/usr/bin/llvm-g++   -fvisibility=hidden -fvisibility-inlines-hidden -DHAVE_MACH_ABSOLUTE_TIME -Wl,-search_paths_first -Wl,-headerpad_max_install_names   CMakeFiles/cmTC_86126.dir/src.cxx.o  -o cmTC_86126 

Source file was:

    #include <mach/mach_time.h>
    int main(){
        mach_timebase_info_data_t info;
        mach_timebase_info(&info);
        mach_absolute_time();
        return 0;
    }
    
Performing C++ SOURCE FILE Test HAVE_DLOPEN succeeded with the following output:
Change Dir: /Users/prager/Projects/uhd/build/CMakeFiles/CMakeTmp

Run Build Command:"/usr/bin/make" "cmTC_76123/fast"
/Applications/Xcode.app/Contents/Developer/usr/bin/make -f CMakeFiles/cmTC_76123.dir/build.make CMakeFiles/cmTC_76123.dir/build
Building CXX object CMakeFiles/cmTC_76123.dir/src.cxx.o
/usr/bin/llvm-g++   -I/usr/local/Cellar/libusb/1.0.22/include/libusb-1.0  -fvisibility=hidden -fvisibility-inlines-hidden -DHAVE_DLOPEN   -o CMakeFiles/cmTC_76123.dir/src.cxx.o -c /Users/prager/Projects/uhd/build/CMakeFiles/CMakeTmp/src.cxx
Linking CXX executable cmTC_76123
/usr/local/Cellar/cmake/3.11.1/bin/cmake -E cmake_link_script CMakeFiles/cmTC_76123.dir/link.txt --verbose=1
/usr/bin/llvm-g++   -fvisibility=hidden -fvisibility-inlines-hidden -DHAVE_DLOPEN -Wl,-search_paths_first -Wl,-headerpad_max_install_names   CMakeFiles/cmTC_76123.dir/src.cxx.o  -o cmTC_76123 

Source file was:

    #include <dlfcn.h>
    int main(){
        dlopen(0, 0);
        return 0;
    }
    
Performing C++ SOURCE FILE Test HAVE_GETIFADDRS succeeded with the following output:
Change Dir: /Users/prager/Projects/uhd/build/CMakeFiles/CMakeTmp

Run Build Command:"/usr/bin/make" "cmTC_d97fa/fast"
/Applications/Xcode.app/Contents/Developer/usr/bin/make -f CMakeFiles/cmTC_d97fa.dir/build.make CMakeFiles/cmTC_d97fa.dir/build
Building CXX object CMakeFiles/cmTC_d97fa.dir/src.cxx.o
/usr/bin/llvm-g++   -I/usr/local/Cellar/libusb/1.0.22/include/libusb-1.0  -fvisibility=hidden -fvisibility-inlines-hidden -DHAVE_GETIFADDRS   -o CMakeFiles/cmTC_d97fa.dir/src.cxx.o -c /Users/prager/Projects/uhd/build/CMakeFiles/CMakeTmp/src.cxx
Linking CXX executable cmTC_d97fa
/usr/local/Cellar/cmake/3.11.1/bin/cmake -E cmake_link_script CMakeFiles/cmTC_d97fa.dir/link.txt --verbose=1
/usr/bin/llvm-g++   -fvisibility=hidden -fvisibility-inlines-hidden -DHAVE_GETIFADDRS -Wl,-search_paths_first -Wl,-headerpad_max_install_names   CMakeFiles/cmTC_d97fa.dir/src.cxx.o  -o cmTC_d97fa 

Source file was:

    #include <ifaddrs.h>
    int main(){
        struct ifaddrs *ifap;
        getifaddrs(&ifap);
        return 0;
    }
    
Performing C SOURCE FILE Test HAVE_C99_STRUCTDECL succeeded with the following output:
Change Dir: /Users/prager/Projects/uhd/build/CMakeFiles/CMakeTmp

Run Build Command:"/usr/bin/make" "cmTC_6d156/fast"
/Applications/Xcode.app/Contents/Developer/usr/bin/make -f CMakeFiles/cmTC_6d156.dir/build.make CMakeFiles/cmTC_6d156.dir/build
Building C object CMakeFiles/cmTC_6d156.dir/src.c.o
/usr/bin/llvm-gcc   -DHAVE_C99_STRUCTDECL   -o CMakeFiles/cmTC_6d156.dir/src.c.o   -c /Users/prager/Projects/uhd/build/CMakeFiles/CMakeTmp/src.c
Linking C executable cmTC_6d156
/usr/local/Cellar/cmake/3.11.1/bin/cmake -E cmake_link_script CMakeFiles/cmTC_6d156.dir/link.txt --verbose=1
/usr/bin/llvm-gcc  -DHAVE_C99_STRUCTDECL -Wl,-search_paths_first -Wl,-headerpad_max_install_names   CMakeFiles/cmTC_6d156.dir/src.c.o  -o cmTC_6d156 

Source file was:

    typedef struct {
        int bar;
        int baz;
    } foo;

    int main()
    {
        foo wat = {
            .bar = 1,
            .baz = 2
        };

        return 0;
    }
    
